TN:
SF:index.js
FN:54,(anonymous_0)
FN:59,(anonymous_1)
FN:68,(anonymous_2)
FN:69,(anonymous_3)
FN:70,(anonymous_4)
FN:71,(anonymous_5)
FN:104,(anonymous_6)
FN:108,(anonymous_7)
FN:127,(anonymous_8)
FN:154,(anonymous_9)
FN:155,(anonymous_10)
FN:168,(anonymous_11)
FN:186,(anonymous_12)
FN:193,(anonymous_13)
FN:193,(anonymous_14)
FNF:15
FNH:0
FNDA:0,(anonymous_0)
FNDA:0,(anonymous_1)
FNDA:0,(anonymous_2)
FNDA:0,(anonymous_3)
FNDA:0,(anonymous_4)
FNDA:0,(anonymous_5)
FNDA:0,(anonymous_6)
FNDA:0,(anonymous_7)
FNDA:0,(anonymous_8)
FNDA:0,(anonymous_9)
FNDA:0,(anonymous_10)
FNDA:0,(anonymous_11)
FNDA:0,(anonymous_12)
FNDA:0,(anonymous_13)
FNDA:0,(anonymous_14)
DA:4,2
DA:5,2
DA:6,2
DA:7,2
DA:8,2
DA:9,2
DA:10,2
DA:11,2
DA:12,2
DA:13,2
DA:14,2
DA:17,2
DA:18,2
DA:19,2
DA:20,2
DA:21,2
DA:22,2
DA:23,2
DA:24,2
DA:25,2
DA:28,2
DA:29,2
DA:30,2
DA:31,2
DA:32,2
DA:34,2
DA:37,2
DA:38,2
DA:39,2
DA:40,2
DA:42,2
DA:44,2
DA:49,2
DA:50,2
DA:51,2
DA:52,2
DA:53,2
DA:54,2
DA:59,2
DA:60,0
DA:68,2
DA:69,2
DA:70,2
DA:71,2
DA:74,2
DA:75,2
DA:76,2
DA:77,2
DA:80,2
DA:81,2
DA:82,2
DA:83,2
DA:84,1
DA:85,1
DA:87,2
DA:88,2
DA:89,2
DA:90,0
DA:93,2
DA:94,2
DA:97,2
DA:98,2
DA:99,2
DA:100,2
DA:101,2
DA:104,2
DA:105,0
DA:108,2
DA:109,0
DA:110,0
DA:111,0
DA:112,0
DA:121,0
DA:122,0
DA:127,2
DA:128,0
DA:129,0
DA:130,0
DA:131,0
DA:133,0
DA:138,0
DA:140,0
DA:148,0
DA:150,0
DA:154,2
DA:155,2
DA:158,2
DA:159,2
DA:160,2
DA:165,2
DA:167,2
DA:168,0
DA:169,0
DA:170,0
DA:171,0
DA:172,0
DA:173,0
DA:174,0
DA:175,0
DA:176,0
DA:177,0
DA:179,0
DA:185,2
DA:186,0
DA:187,0
DA:192,2
DA:193,0
DA:196,2
LF:108
LH:76
BRDA:42,0,0,2
BRDA:42,0,1,1
BRDA:60,1,0,0
BRDA:60,1,1,0
BRDA:131,2,0,0
BRDA:131,2,1,0
BRDA:138,3,0,0
BRDA:138,3,1,0
BRDA:138,4,0,0
BRDA:138,4,1,0
BRDA:143,5,0,0
BRDA:143,5,1,0
BRDA:144,6,0,0
BRDA:144,6,1,0
BRDA:145,7,0,0
BRDA:145,7,1,0
BRDA:165,8,0,2
BRDA:165,8,1,2
BRDA:167,9,0,0
BRDA:167,9,1,2
BRDA:185,10,0,0
BRDA:185,10,1,2
BRDA:192,11,0,0
BRDA:192,11,1,2
BRF:24
BRH:7
end_of_record
TN:
SF:Jobs\arrearsChaser.js
FN:6,runArrearsChaser
FNF:1
FNH:0
FNDA:0,runArrearsChaser
DA:2,2
DA:3,2
DA:4,2
DA:7,0
DA:10,0
DA:11,0
DA:13,0
DA:22,0
DA:24,0
DA:25,0
DA:27,0
DA:31,0
DA:34,0
DA:35,0
DA:38,0
DA:41,0
DA:42,0
DA:46,0
DA:49,0
DA:53,0
DA:56,2
LF:21
LH:4
BRDA:31,0,0,0
BRDA:31,0,1,0
BRDA:34,1,0,0
BRDA:34,1,1,0
BRDA:41,2,0,0
BRDA:41,2,1,0
BRF:6
BRH:0
end_of_record
TN:
SF:Jobs\engagementMonitor.js
FN:6,runEngagementMonitor
FNF:1
FNH:0
FNDA:0,runEngagementMonitor
DA:2,2
DA:3,2
DA:4,2
DA:7,0
DA:10,0
DA:11,0
DA:14,0
DA:23,0
DA:25,0
DA:26,0
DA:27,0
DA:29,0
DA:30,0
DA:32,0
DA:33,0
DA:36,0
DA:41,0
DA:46,0
DA:47,0
DA:49,0
DA:58,0
DA:60,0
DA:61,0
DA:62,0
DA:64,0
DA:65,0
DA:67,0
DA:68,0
DA:71,0
DA:76,0
DA:80,0
DA:83,2
LF:32
LH:4
BRDA:26,0,0,0
BRDA:26,0,1,0
BRDA:27,1,0,0
BRDA:27,1,1,0
BRDA:29,2,0,0
BRDA:29,2,1,0
BRDA:61,3,0,0
BRDA:61,3,1,0
BRDA:62,4,0,0
BRDA:62,4,1,0
BRDA:64,5,0,0
BRDA:64,5,1,0
BRF:12
BRH:0
end_of_record
TN:
SF:bots\LMSlogicBot.js
FN:16,(anonymous_0)
FN:65,(anonymous_1)
FN:77,processLmsMessage
FN:162,(anonymous_3)
FN:226,(anonymous_4)
FN:404,(anonymous_5)
FN:406,(anonymous_6)
FN:450,(anonymous_7)
FN:461,(anonymous_8)
FN:509,(anonymous_9)
FN:511,(anonymous_10)
FN:543,(anonymous_11)
FNF:12
FNH:0
FNDA:0,(anonymous_0)
FNDA:0,(anonymous_1)
FNDA:0,processLmsMessage
FNDA:0,(anonymous_3)
FNDA:0,(anonymous_4)
FNDA:0,(anonymous_5)
FNDA:0,(anonymous_6)
FNDA:0,(anonymous_7)
FNDA:0,(anonymous_8)
FNDA:0,(anonymous_9)
FNDA:0,(anonymous_10)
FNDA:0,(anonymous_11)
DA:2,2
DA:3,2
DA:4,2
DA:7,2
DA:11,2
DA:12,0
DA:16,2
DA:17,0
DA:18,0
DA:21,0
DA:22,0
DA:25,0
DA:26,0
DA:27,0
DA:28,0
DA:29,0
DA:30,0
DA:34,0
DA:35,0
DA:37,0
DA:38,0
DA:39,0
DA:41,0
DA:42,0
DA:43,0
DA:44,0
DA:45,0
DA:46,0
DA:49,0
DA:50,0
DA:53,0
DA:57,0
DA:58,0
DA:59,0
DA:65,0
DA:67,0
DA:80,0
DA:81,0
DA:84,0
DA:91,0
DA:99,0
DA:100,0
DA:106,0
DA:108,0
DA:113,0
DA:116,0
DA:117,0
DA:121,0
DA:125,0
DA:126,0
DA:129,0
DA:130,0
DA:133,0
DA:135,0
DA:136,0
DA:137,0
DA:139,0
DA:153,0
DA:155,0
DA:156,0
DA:157,0
DA:158,0
DA:160,0
DA:161,0
DA:162,0
DA:163,0
DA:165,0
DA:169,0
DA:171,0
DA:180,0
DA:181,0
DA:191,0
DA:192,0
DA:194,0
DA:195,0
DA:198,0
DA:199,0
DA:201,0
DA:208,0
DA:210,0
DA:211,0
DA:212,0
DA:213,0
DA:215,0
DA:220,0
DA:221,0
DA:222,0
DA:225,0
DA:226,0
DA:227,0
DA:229,0
DA:231,0
DA:232,0
DA:233,0
DA:234,0
DA:237,0
DA:238,0
DA:239,0
DA:241,0
DA:242,0
DA:244,0
DA:256,0
DA:257,0
DA:258,0
DA:259,0
DA:262,0
DA:263,0
DA:264,0
DA:267,0
DA:268,0
DA:269,0
DA:270,0
DA:272,0
DA:273,0
DA:276,0
DA:277,0
DA:286,0
DA:287,0
DA:289,0
DA:291,0
DA:292,0
DA:293,0
DA:294,0
DA:296,0
DA:298,0
DA:300,0
DA:304,0
DA:314,0
DA:315,0
DA:317,0
DA:318,0
DA:319,0
DA:321,0
DA:323,0
DA:325,0
DA:326,0
DA:333,0
DA:334,0
DA:335,0
DA:340,0
DA:341,0
DA:342,0
DA:345,0
DA:346,0
DA:347,0
DA:350,0
DA:351,0
DA:353,0
DA:354,0
DA:355,0
DA:356,0
DA:358,0
DA:359,0
DA:360,0
DA:362,0
DA:365,0
DA:367,0
DA:377,0
DA:379,0
DA:384,0
DA:390,0
DA:391,0
DA:392,0
DA:397,0
DA:398,0
DA:399,0
DA:403,0
DA:404,0
DA:406,0
DA:407,0
DA:408,0
DA:411,0
DA:413,0
DA:414,0
DA:415,0
DA:417,0
DA:418,0
DA:419,0
DA:424,0
DA:426,0
DA:428,0
DA:434,0
DA:435,0
DA:436,0
DA:437,0
DA:438,0
DA:441,0
DA:446,0
DA:447,0
DA:449,0
DA:450,0
DA:451,0
DA:453,0
DA:454,0
DA:455,0
DA:457,0
DA:460,0
DA:461,0
DA:462,0
DA:463,0
DA:466,0
DA:467,0
DA:468,0
DA:469,0
DA:471,0
DA:472,0
DA:473,0
DA:474,0
DA:476,0
DA:477,0
DA:478,0
DA:480,0
DA:482,0
DA:484,0
DA:487,0
DA:488,0
DA:489,0
DA:490,0
DA:494,0
DA:495,0
DA:496,0
DA:501,0
DA:502,0
DA:503,0
DA:506,0
DA:508,0
DA:509,0
DA:511,0
DA:512,0
DA:513,0
DA:516,0
DA:518,0
DA:519,0
DA:521,0
DA:522,0
DA:523,0
DA:526,0
DA:527,0
DA:529,0
DA:531,0
DA:534,0
DA:535,0
DA:537,0
DA:538,0
DA:539,0
DA:542,0
DA:543,0
DA:544,0
DA:546,0
DA:547,0
DA:548,0
DA:550,0
DA:552,0
DA:555,0
DA:556,0
DA:557,0
DA:558,0
DA:562,0
DA:563,0
DA:564,0
DA:565,0
DA:566,0
DA:569,0
DA:570,0
DA:572,0
DA:577,0
DA:578,0
DA:581,0
DA:584,2
LF:269
LH:7
BRDA:11,0,0,0
BRDA:11,0,1,2
BRDA:11,1,0,2
BRDA:11,1,1,0
BRDA:17,2,0,0
BRDA:17,2,1,0
BRDA:25,3,0,0
BRDA:25,3,1,0
BRDA:28,4,0,0
BRDA:28,4,1,0
BRDA:41,5,0,0
BRDA:41,5,1,0
BRDA:43,6,0,0
BRDA:43,6,1,0
BRDA:45,7,0,0
BRDA:45,7,1,0
BRDA:106,8,0,0
BRDA:106,8,1,0
BRDA:106,9,0,0
BRDA:106,9,1,0
BRDA:106,9,2,0
BRDA:113,10,0,0
BRDA:113,10,1,0
BRDA:116,11,0,0
BRDA:116,11,1,0
BRDA:125,12,0,0
BRDA:125,12,1,0
BRDA:129,13,0,0
BRDA:129,13,1,0
BRDA:129,14,0,0
BRDA:129,14,1,0
BRDA:141,15,0,0
BRDA:141,15,1,0
BRDA:141,15,2,0
BRDA:143,16,0,0
BRDA:143,16,1,0
BRDA:160,17,0,0
BRDA:160,17,1,0
BRDA:160,18,0,0
BRDA:160,18,1,0
BRDA:180,19,0,0
BRDA:180,19,1,0
BRDA:210,20,0,0
BRDA:210,20,1,0
BRDA:211,21,0,0
BRDA:211,21,1,0
BRDA:211,22,0,0
BRDA:211,22,1,0
BRDA:220,23,0,0
BRDA:220,23,1,0
BRDA:227,24,0,0
BRDA:227,24,1,0
BRDA:237,25,0,0
BRDA:237,25,1,0
BRDA:239,26,0,0
BRDA:239,26,1,0
BRDA:241,27,0,0
BRDA:241,27,1,0
BRDA:241,28,0,0
BRDA:241,28,1,0
BRDA:256,29,0,0
BRDA:256,29,1,0
BRDA:257,30,0,0
BRDA:257,30,1,0
BRDA:262,31,0,0
BRDA:262,31,1,0
BRDA:267,32,0,0
BRDA:267,32,1,0
BRDA:269,33,0,0
BRDA:269,33,1,0
BRDA:276,34,0,0
BRDA:276,34,1,0
BRDA:276,35,0,0
BRDA:276,35,1,0
BRDA:286,36,0,0
BRDA:286,36,1,0
BRDA:291,37,0,0
BRDA:291,37,1,0
BRDA:292,38,0,0
BRDA:292,38,1,0
BRDA:293,39,0,0
BRDA:293,39,1,0
BRDA:293,40,0,0
BRDA:293,40,1,0
BRDA:294,41,0,0
BRDA:294,41,1,0
BRDA:309,42,0,0
BRDA:309,42,1,0
BRDA:314,43,0,0
BRDA:314,43,1,0
BRDA:318,44,0,0
BRDA:318,44,1,0
BRDA:334,45,0,0
BRDA:334,45,1,0
BRDA:340,46,0,0
BRDA:340,46,1,0
BRDA:345,47,0,0
BRDA:345,47,1,0
BRDA:350,48,0,0
BRDA:350,48,1,0
BRDA:353,49,0,0
BRDA:353,49,1,0
BRDA:356,50,0,0
BRDA:356,50,1,0
BRDA:358,51,0,0
BRDA:358,51,1,0
BRDA:358,52,0,0
BRDA:358,52,1,0
BRDA:359,53,0,0
BRDA:359,53,1,0
BRDA:372,54,0,0
BRDA:372,54,1,0
BRDA:372,55,0,0
BRDA:372,55,1,0
BRDA:391,56,0,0
BRDA:391,56,1,0
BRDA:397,57,0,0
BRDA:397,57,1,0
BRDA:403,58,0,0
BRDA:403,58,1,0
BRDA:407,59,0,0
BRDA:407,59,1,0
BRDA:408,60,0,0
BRDA:408,60,1,0
BRDA:411,61,0,0
BRDA:411,61,1,0
BRDA:413,62,0,0
BRDA:413,62,1,0
BRDA:414,63,0,0
BRDA:414,63,1,0
BRDA:415,64,0,0
BRDA:415,64,1,0
BRDA:417,65,0,0
BRDA:417,65,1,0
BRDA:417,66,0,0
BRDA:417,66,1,0
BRDA:418,67,0,0
BRDA:418,67,1,0
BRDA:435,68,0,0
BRDA:435,68,1,0
BRDA:436,69,0,0
BRDA:436,69,1,0
BRDA:449,70,0,0
BRDA:449,70,1,0
BRDA:451,71,0,0
BRDA:451,71,1,0
BRDA:461,72,0,0
BRDA:461,72,1,0
BRDA:466,73,0,0
BRDA:466,73,1,0
BRDA:467,74,0,0
BRDA:467,74,1,0
BRDA:469,75,0,0
BRDA:469,75,1,0
BRDA:471,76,0,0
BRDA:471,76,1,0
BRDA:487,77,0,0
BRDA:487,77,1,0
BRDA:494,78,0,0
BRDA:494,78,1,0
BRDA:501,79,0,0
BRDA:501,79,1,0
BRDA:506,80,0,0
BRDA:506,80,1,0
BRDA:506,81,0,0
BRDA:506,81,1,0
BRDA:508,82,0,0
BRDA:508,82,1,0
BRDA:512,83,0,0
BRDA:512,83,1,0
BRDA:513,84,0,0
BRDA:513,84,1,0
BRDA:516,85,0,0
BRDA:516,85,1,0
BRDA:518,86,0,0
BRDA:518,86,1,0
BRDA:519,87,0,0
BRDA:519,87,1,0
BRDA:521,88,0,0
BRDA:521,88,1,0
BRDA:521,89,0,0
BRDA:521,89,1,0
BRDA:522,90,0,0
BRDA:522,90,1,0
BRDA:534,91,0,0
BRDA:534,91,1,0
BRDA:534,92,0,0
BRDA:534,92,1,0
BRDA:535,93,0,0
BRDA:535,93,1,0
BRDA:537,94,0,0
BRDA:537,94,1,0
BRDA:546,95,0,0
BRDA:546,95,1,0
BRDA:547,96,0,0
BRDA:547,96,1,0
BRDA:555,97,0,0
BRDA:555,97,1,0
BRDA:555,98,0,0
BRDA:555,98,1,0
BRDA:562,99,0,0
BRDA:562,99,1,0
BRDA:569,100,0,0
BRDA:569,100,1,0
BRF:204
BRH:2
end_of_record
TN:
SF:bots\NPOCbot.js
FN:18,(anonymous_0)
FN:37,getAdSuffix
FN:45,(anonymous_2)
FN:53,handleNPOMessage
FN:105,(anonymous_4)
FN:126,(anonymous_5)
FN:149,(anonymous_6)
FNF:7
FNH:0
FNDA:0,(anonymous_0)
FNDA:0,getAdSuffix
FNDA:0,(anonymous_2)
FNDA:0,handleNPOMessage
FNDA:0,(anonymous_4)
FNDA:0,(anonymous_5)
FNDA:0,(anonymous_6)
DA:6,2
DA:7,2
DA:8,2
DA:9,2
DA:13,2
DA:14,0
DA:18,2
DA:19,0
DA:20,0
DA:22,0
DA:23,0
DA:28,0
DA:30,0
DA:34,2
DA:38,0
DA:39,0
DA:44,0
DA:45,0
DA:46,0
DA:48,0
DA:49,0
DA:54,0
DA:56,0
DA:57,0
DA:59,0
DA:63,0
DA:65,0
DA:68,0
DA:69,0
DA:71,0
DA:88,0
DA:90,0
DA:91,0
DA:92,0
DA:93,0
DA:95,0
DA:96,0
DA:100,0
DA:101,0
DA:102,0
DA:104,0
DA:105,0
DA:106,0
DA:107,0
DA:108,0
DA:111,0
DA:112,0
DA:121,0
DA:122,0
DA:123,0
DA:125,0
DA:126,0
DA:127,0
DA:129,0
DA:130,0
DA:131,0
DA:134,0
DA:135,0
DA:136,0
DA:137,0
DA:139,0
DA:140,0
DA:146,0
DA:147,0
DA:149,0
DA:151,0
DA:153,0
DA:154,0
DA:155,0
DA:157,0
DA:158,0
DA:159,0
DA:161,0
DA:162,0
DA:163,0
DA:165,0
DA:166,0
DA:167,0
DA:168,0
DA:171,0
DA:178,0
DA:182,0
DA:183,0
DA:186,0
DA:187,0
DA:190,0
DA:191,0
DA:192,0
DA:193,0
DA:194,0
DA:197,0
DA:198,0
DA:199,0
DA:200,0
DA:202,0
DA:203,0
DA:205,0
DA:209,0
DA:210,0
DA:211,0
DA:212,0
DA:213,0
DA:215,0
DA:216,0
DA:218,0
DA:219,0
DA:220,0
DA:222,0
DA:224,0
DA:231,0
DA:232,0
DA:233,0
DA:235,0
DA:236,0
DA:237,0
DA:239,0
DA:240,0
DA:241,0
DA:242,0
DA:244,0
DA:245,0
DA:246,0
DA:248,0
DA:249,0
DA:251,0
DA:255,0
DA:256,0
DA:257,0
DA:258,0
DA:259,0
DA:261,0
DA:262,0
DA:264,0
DA:271,0
DA:276,0
DA:280,0
DA:287,0
DA:288,0
DA:289,0
DA:291,0
DA:292,0
DA:294,0
DA:295,0
DA:297,0
DA:298,0
DA:304,0
DA:305,0
DA:307,0
DA:308,0
DA:309,0
DA:311,0
DA:313,0
DA:314,0
DA:315,0
DA:317,0
DA:318,0
DA:319,0
DA:321,0
DA:323,0
DA:326,0
DA:333,0
DA:334,0
DA:335,0
DA:336,0
DA:337,0
DA:338,0
DA:339,0
DA:340,0
DA:342,0
DA:343,0
DA:344,0
DA:345,0
DA:346,0
DA:350,0
DA:351,0
DA:352,0
DA:353,0
DA:355,0
DA:356,0
DA:357,0
DA:361,0
DA:362,0
DA:363,0
DA:364,0
DA:366,0
DA:367,0
DA:372,0
DA:373,0
DA:374,0
DA:377,0
DA:380,0
DA:381,0
DA:382,0
DA:386,2
LF:194
LH:8
BRDA:13,0,0,0
BRDA:13,0,1,2
BRDA:13,1,0,2
BRDA:13,1,1,0
BRDA:19,2,0,0
BRDA:19,2,1,0
BRDA:44,3,0,0
BRDA:44,3,1,0
BRDA:56,4,0,0
BRDA:56,4,1,0
BRDA:56,4,2,0
BRDA:57,5,0,0
BRDA:57,5,1,0
BRDA:65,6,0,0
BRDA:65,6,1,0
BRDA:88,7,0,0
BRDA:88,7,1,0
BRDA:90,8,0,0
BRDA:90,8,1,0
BRDA:95,9,0,0
BRDA:95,9,1,0
BRDA:100,10,0,0
BRDA:100,10,1,0
BRDA:111,11,0,0
BRDA:111,11,1,0
BRDA:121,12,0,0
BRDA:121,12,1,0
BRDA:134,13,0,0
BRDA:134,13,1,0
BRDA:139,14,0,0
BRDA:139,14,1,0
BRDA:146,15,0,0
BRDA:146,15,1,0
BRDA:149,16,0,0
BRDA:149,16,1,0
BRDA:153,17,0,0
BRDA:153,17,1,0
BRDA:157,18,0,0
BRDA:157,18,1,0
BRDA:161,19,0,0
BRDA:161,19,1,0
BRDA:165,20,0,0
BRDA:165,20,1,0
BRDA:178,21,0,0
BRDA:178,21,1,0
BRDA:182,22,0,0
BRDA:182,22,1,0
BRDA:191,23,0,0
BRDA:191,23,1,0
BRDA:191,24,0,0
BRDA:191,24,1,0
BRDA:198,25,0,0
BRDA:198,25,1,0
BRDA:198,26,0,0
BRDA:198,26,1,0
BRDA:199,27,0,0
BRDA:199,27,1,0
BRDA:200,28,0,0
BRDA:200,28,1,0
BRDA:209,29,0,0
BRDA:209,29,1,0
BRDA:218,30,0,0
BRDA:218,30,1,0
BRDA:231,31,0,0
BRDA:231,31,1,0
BRDA:235,32,0,0
BRDA:235,32,1,0
BRDA:235,33,0,0
BRDA:235,33,1,0
BRDA:239,34,0,0
BRDA:239,34,1,0
BRDA:255,35,0,0
BRDA:255,35,1,0
BRDA:273,36,0,0
BRDA:273,36,1,0
BRDA:287,37,0,0
BRDA:287,37,1,0
BRDA:291,38,0,0
BRDA:291,38,1,0
BRDA:297,39,0,0
BRDA:297,39,1,0
BRDA:313,40,0,0
BRDA:313,40,1,0
BRDA:317,41,0,0
BRDA:317,41,1,0
BRDA:333,42,0,0
BRDA:333,42,1,0
BRDA:334,43,0,0
BRDA:334,43,1,0
BRDA:337,44,0,0
BRDA:337,44,1,0
BRDA:342,45,0,0
BRDA:342,45,1,0
BRDA:350,46,0,0
BRDA:350,46,1,0
BRDA:352,47,0,0
BRDA:352,47,1,0
BRDA:361,48,0,0
BRDA:361,48,1,0
BRDA:362,49,0,0
BRDA:362,49,1,0
BRDA:372,50,0,0
BRDA:372,50,1,0
BRF:103
BRH:2
end_of_record
TN:
SF:bots\adminBot.js
FN:5,(anonymous_0)
FN:39,(anonymous_1)
FN:50,(anonymous_2)
FN:62,(anonymous_3)
FN:126,(anonymous_4)
FN:184,(anonymous_5)
FN:297,(anonymous_6)
FN:408,(anonymous_7)
FN:434,(anonymous_8)
FNF:9
FNH:0
FNDA:0,(anonymous_0)
FNDA:0,(anonymous_1)
FNDA:0,(anonymous_2)
FNDA:0,(anonymous_3)
FNDA:0,(anonymous_4)
FNDA:0,(anonymous_5)
FNDA:0,(anonymous_6)
FNDA:0,(anonymous_7)
FNDA:0,(anonymous_8)
DA:2,2
DA:3,2
DA:5,2
DA:6,0
DA:7,0
DA:9,0
DA:11,0
DA:12,0
DA:13,0
DA:20,0
DA:30,0
DA:31,0
DA:32,0
DA:37,0
DA:38,0
DA:39,0
DA:40,0
DA:48,0
DA:49,0
DA:50,0
DA:51,0
DA:52,0
DA:54,0
DA:55,0
DA:56,0
DA:60,0
DA:61,0
DA:62,0
DA:64,0
DA:65,0
DA:66,0
DA:70,0
DA:71,0
DA:72,0
DA:79,0
DA:80,0
DA:81,0
DA:87,0
DA:88,0
DA:92,0
DA:94,0
DA:98,0
DA:99,0
DA:105,0
DA:106,0
DA:107,0
DA:108,0
DA:109,0
DA:111,0
DA:120,0
DA:121,0
DA:122,0
DA:125,0
DA:126,0
DA:127,0
DA:128,0
DA:130,0
DA:133,0
DA:135,0
DA:136,0
DA:142,0
DA:143,0
DA:146,0
DA:147,0
DA:148,0
DA:149,0
DA:151,0
DA:152,0
DA:153,0
DA:157,0
DA:166,0
DA:167,0
DA:171,0
DA:172,0
DA:178,0
DA:179,0
DA:180,0
DA:183,0
DA:184,0
DA:185,0
DA:189,0
DA:191,0
DA:192,0
DA:199,0
DA:202,0
DA:203,0
DA:205,0
DA:206,0
DA:207,0
DA:210,0
DA:211,0
DA:213,0
DA:214,0
DA:215,0
DA:219,0
DA:230,0
DA:231,0
DA:232,0
DA:236,0
DA:237,0
DA:239,0
DA:250,0
DA:251,0
DA:252,0
DA:254,0
DA:256,0
DA:258,0
DA:259,0
DA:260,0
DA:262,0
DA:267,0
DA:268,0
DA:274,0
DA:275,0
DA:278,0
DA:279,0
DA:280,0
DA:281,0
DA:282,0
DA:285,0
DA:291,0
DA:292,0
DA:293,0
DA:296,0
DA:297,0
DA:298,0
DA:299,0
DA:302,0
DA:303,0
DA:304,0
DA:308,0
DA:309,0
DA:310,0
DA:311,0
DA:312,0
DA:316,0
DA:321,0
DA:322,0
DA:323,0
DA:326,0
DA:327,0
DA:328,0
DA:332,0
DA:334,0
DA:355,0
DA:358,0
DA:359,0
DA:360,0
DA:362,0
DA:363,0
DA:365,0
DA:369,0
DA:376,0
DA:377,0
DA:380,0
DA:381,0
DA:382,0
DA:383,0
DA:385,0
DA:386,0
DA:387,0
DA:390,0
DA:394,0
DA:395,0
DA:399,0
DA:400,0
DA:402,0
DA:403,0
DA:404,0
DA:407,0
DA:408,0
DA:409,0
DA:411,0
DA:412,0
DA:419,0
DA:420,0
DA:421,0
DA:422,0
DA:428,0
DA:429,0
DA:432,0
DA:433,0
DA:434,0
DA:436,0
DA:437,0
DA:438,0
DA:441,0
DA:443,0
DA:454,0
DA:455,0
DA:459,0
DA:460,0
DA:461,0
DA:463,0
DA:464,0
DA:465,0
DA:468,0
DA:469,0
DA:470,0
DA:471,0
DA:474,0
DA:479,0
DA:480,0
DA:487,0
DA:489,0
DA:490,0
DA:491,0
DA:493,0
DA:494,0
DA:495,0
DA:499,0
DA:504,0
DA:505,0
DA:506,0
DA:510,0
DA:521,0
DA:522,0
DA:523,0
DA:525,0
DA:528,0
DA:529,0
DA:532,0
DA:533,0
DA:539,0
DA:540,0
DA:542,0
DA:543,0
DA:544,0
DA:547,0
DA:551,0
DA:552,0
DA:553,0
DA:556,0
DA:557,0
DA:558,0
DA:559,0
DA:560,0
DA:561,0
DA:565,0
DA:575,0
DA:576,0
DA:580,0
DA:581,0
LF:243
LH:3
BRDA:9,0,0,0
BRDA:9,0,1,0
BRDA:12,1,0,0
BRDA:12,1,1,0
BRDA:30,2,0,0
BRDA:30,2,1,0
BRDA:38,3,0,0
BRDA:38,3,1,0
BRDA:40,4,0,0
BRDA:40,4,1,0
BRDA:48,5,0,0
BRDA:48,5,1,0
BRDA:48,6,0,0
BRDA:48,6,1,0
BRDA:51,7,0,0
BRDA:51,7,1,0
BRDA:60,8,0,0
BRDA:60,8,1,0
BRDA:64,9,0,0
BRDA:64,9,1,0
BRDA:65,10,0,0
BRDA:65,10,1,0
BRDA:79,11,0,0
BRDA:79,11,1,0
BRDA:87,12,0,0
BRDA:87,12,1,0
BRDA:92,13,0,0
BRDA:92,13,1,0
BRDA:105,14,0,0
BRDA:105,14,1,0
BRDA:120,15,0,0
BRDA:120,15,1,0
BRDA:128,16,0,0
BRDA:128,16,1,0
BRDA:128,17,0,0
BRDA:128,17,1,0
BRDA:142,18,0,0
BRDA:142,18,1,0
BRDA:143,19,0,0
BRDA:143,19,1,0
BRDA:146,20,0,0
BRDA:146,20,1,0
BRDA:148,21,0,0
BRDA:148,21,1,0
BRDA:149,22,0,0
BRDA:149,22,1,0
BRDA:151,23,0,0
BRDA:151,23,1,0
BRDA:171,24,0,0
BRDA:171,24,1,0
BRDA:178,25,0,0
BRDA:178,25,1,0
BRDA:185,26,0,0
BRDA:185,26,1,0
BRDA:199,27,0,0
BRDA:199,27,1,0
BRDA:205,28,0,0
BRDA:205,28,1,0
BRDA:213,29,0,0
BRDA:213,29,1,0
BRDA:213,30,0,0
BRDA:213,30,1,0
BRDA:230,31,0,0
BRDA:230,31,1,0
BRDA:252,32,0,0
BRDA:252,32,1,0
BRDA:254,33,0,0
BRDA:254,33,1,0
BRDA:274,34,0,0
BRDA:274,34,1,0
BRDA:275,35,0,0
BRDA:275,35,1,0
BRDA:278,36,0,0
BRDA:278,36,1,0
BRDA:280,37,0,0
BRDA:280,37,1,0
BRDA:291,38,0,0
BRDA:291,38,1,0
BRDA:298,39,0,0
BRDA:298,39,1,0
BRDA:299,40,0,0
BRDA:299,40,1,0
BRDA:308,41,0,0
BRDA:308,41,1,0
BRDA:310,42,0,0
BRDA:310,42,1,0
BRDA:321,43,0,0
BRDA:321,43,1,0
BRDA:321,44,0,0
BRDA:321,44,1,0
BRDA:326,45,0,0
BRDA:326,45,1,0
BRDA:358,46,0,0
BRDA:358,46,1,0
BRDA:359,47,0,0
BRDA:359,47,1,0
BRDA:376,48,0,0
BRDA:376,48,1,0
BRDA:377,49,0,0
BRDA:377,49,1,0
BRDA:380,50,0,0
BRDA:380,50,1,0
BRDA:383,51,0,0
BRDA:383,51,1,0
BRDA:385,52,0,0
BRDA:385,52,1,0
BRDA:385,53,0,0
BRDA:385,53,1,0
BRDA:399,54,0,0
BRDA:399,54,1,0
BRDA:402,55,0,0
BRDA:402,55,1,0
BRDA:419,56,0,0
BRDA:419,56,1,0
BRDA:428,57,0,0
BRDA:428,57,1,0
BRDA:429,58,0,0
BRDA:429,58,1,0
BRDA:432,59,0,0
BRDA:432,59,1,0
BRDA:436,60,0,0
BRDA:436,60,1,0
BRDA:436,61,0,0
BRDA:436,61,1,0
BRDA:441,62,0,0
BRDA:441,62,1,0
BRDA:448,63,0,0
BRDA:448,63,1,0
BRDA:449,64,0,0
BRDA:449,64,1,0
BRDA:454,65,0,0
BRDA:454,65,1,0
BRDA:459,66,0,0
BRDA:459,66,1,0
BRDA:463,67,0,0
BRDA:463,67,1,0
BRDA:463,68,0,0
BRDA:463,68,1,0
BRDA:469,69,0,0
BRDA:469,69,1,0
BRDA:487,70,0,0
BRDA:487,70,1,0
BRDA:487,71,0,0
BRDA:487,71,1,0
BRDA:493,72,0,0
BRDA:493,72,1,0
BRDA:493,73,0,0
BRDA:493,73,1,0
BRDA:504,74,0,0
BRDA:504,74,1,0
BRDA:504,75,0,0
BRDA:504,75,1,0
BRDA:514,76,0,0
BRDA:514,76,1,0
BRDA:521,77,0,0
BRDA:521,77,1,0
BRDA:523,78,0,0
BRDA:523,78,1,0
BRDA:528,79,0,0
BRDA:528,79,1,0
BRDA:539,80,0,0
BRDA:539,80,1,0
BRDA:539,81,0,0
BRDA:539,81,1,0
BRDA:542,82,0,0
BRDA:542,82,1,0
BRDA:551,83,0,0
BRDA:551,83,1,0
BRDA:558,84,0,0
BRDA:558,84,1,0
BRDA:559,85,0,0
BRDA:559,85,1,0
BRF:172
BRH:0
end_of_record
TN:
SF:bots\bookingBot.js
FN:5,processBookingMessage
FN:31,(anonymous_1)
FN:111,(anonymous_2)
FNF:3
FNH:0
FNDA:0,processBookingMessage
FNDA:0,(anonymous_1)
FNDA:0,(anonymous_2)
DA:2,2
DA:3,2
DA:6,0
DA:9,0
DA:10,0
DA:13,0
DA:14,0
DA:15,0
DA:19,0
DA:20,0
DA:22,0
DA:23,0
DA:24,0
DA:27,0
DA:28,0
DA:30,0
DA:31,0
DA:32,0
DA:34,0
DA:36,0
DA:37,0
DA:41,0
DA:42,0
DA:43,0
DA:45,0
DA:46,0
DA:47,0
DA:50,0
DA:51,0
DA:52,0
DA:53,0
DA:55,0
DA:56,0
DA:60,0
DA:62,0
DA:63,0
DA:64,0
DA:65,0
DA:68,0
DA:71,0
DA:72,0
DA:73,0
DA:77,0
DA:85,0
DA:86,0
DA:87,0
DA:91,0
DA:102,0
DA:103,0
DA:105,0
DA:108,0
DA:109,0
DA:110,0
DA:111,0
DA:114,0
DA:117,0
DA:120,2
LF:57
LH:3
BRDA:9,0,0,0
BRDA:9,0,1,0
BRDA:9,1,0,0
BRDA:9,1,1,0
BRDA:13,2,0,0
BRDA:13,2,1,0
BRDA:13,3,0,0
BRDA:13,3,1,0
BRDA:19,4,0,0
BRDA:19,4,1,0
BRDA:22,5,0,0
BRDA:22,5,1,0
BRDA:41,6,0,0
BRDA:41,6,1,0
BRDA:43,7,0,0
BRDA:43,7,1,0
BRDA:45,8,0,0
BRDA:45,8,1,0
BRDA:60,9,0,0
BRDA:60,9,1,0
BRDA:63,10,0,0
BRDA:63,10,1,0
BRDA:71,11,0,0
BRDA:71,11,1,0
BRDA:85,12,0,0
BRDA:85,12,1,0
BRDA:102,13,0,0
BRDA:102,13,1,0
BRDA:109,14,0,0
BRDA:109,14,1,0
BRDA:110,15,0,0
BRDA:110,15,1,0
BRF:32
BRH:0
end_of_record
TN:
SF:bots\churchBot.js
FN:19,(anonymous_0)
FN:38,getAdSuffix
FN:46,(anonymous_2)
FN:54,handleChurchMessage
FN:114,(anonymous_4)
FN:141,(anonymous_5)
FNF:6
FNH:0
FNDA:0,(anonymous_0)
FNDA:0,getAdSuffix
FNDA:0,(anonymous_2)
FNDA:0,handleChurchMessage
FNDA:0,(anonymous_4)
FNDA:0,(anonymous_5)
DA:6,2
DA:7,2
DA:8,2
DA:9,2
DA:10,2
DA:14,2
DA:15,0
DA:19,2
DA:20,0
DA:21,0
DA:23,0
DA:24,0
DA:29,0
DA:31,0
DA:35,2
DA:39,0
DA:40,0
DA:45,0
DA:46,0
DA:47,0
DA:49,0
DA:50,0
DA:55,0
DA:57,0
DA:58,0
DA:60,0
DA:62,0
DA:66,0
DA:68,0
DA:71,0
DA:72,0
DA:75,0
DA:83,0
DA:86,0
DA:87,0
DA:88,0
DA:89,0
DA:93,0
DA:94,0
DA:95,0
DA:96,0
DA:100,0
DA:101,0
DA:109,0
DA:110,0
DA:111,0
DA:113,0
DA:114,0
DA:115,0
DA:117,0
DA:118,0
DA:119,0
DA:124,0
DA:125,0
DA:126,0
DA:127,0
DA:131,0
DA:132,0
DA:138,0
DA:139,0
DA:141,0
DA:143,0
DA:147,0
DA:148,0
DA:149,0
DA:153,0
DA:154,0
DA:155,0
DA:159,0
DA:160,0
DA:161,0
DA:165,0
DA:166,0
DA:167,0
DA:168,0
DA:172,0
DA:179,0
DA:183,0
DA:184,0
DA:187,0
DA:188,0
DA:191,0
DA:192,0
DA:194,0
DA:195,0
DA:196,0
DA:197,0
DA:200,0
DA:201,0
DA:202,0
DA:203,0
DA:204,0
DA:207,0
DA:208,0
DA:211,0
DA:215,0
DA:216,0
DA:217,0
DA:218,0
DA:219,0
DA:222,0
DA:223,0
DA:225,0
DA:226,0
DA:227,0
DA:229,0
DA:231,0
DA:238,0
DA:239,0
DA:240,0
DA:242,0
DA:243,0
DA:244,0
DA:247,0
DA:248,0
DA:249,0
DA:250,0
DA:253,0
DA:254,0
DA:255,0
DA:257,0
DA:258,0
DA:261,0
DA:265,0
DA:266,0
DA:267,0
DA:268,0
DA:269,0
DA:272,0
DA:273,0
DA:275,0
DA:282,0
DA:287,0
DA:291,0
DA:298,0
DA:299,0
DA:300,0
DA:302,0
DA:303,0
DA:305,0
DA:308,0
DA:310,0
DA:311,0
DA:317,0
DA:318,0
DA:320,0
DA:321,0
DA:322,0
DA:324,0
DA:326,0
DA:327,0
DA:328,0
DA:330,0
DA:331,0
DA:332,0
DA:334,0
DA:336,0
DA:339,0
DA:346,0
DA:347,0
DA:348,0
DA:349,0
DA:350,0
DA:351,0
DA:352,0
DA:353,0
DA:355,0
DA:356,0
DA:357,0
DA:358,0
DA:359,0
DA:363,0
DA:364,0
DA:365,0
DA:366,0
DA:368,0
DA:369,0
DA:370,0
DA:374,0
DA:375,0
DA:376,0
DA:377,0
DA:379,0
DA:380,0
DA:385,0
DA:386,0
DA:387,0
DA:390,0
DA:393,0
DA:394,0
DA:395,0
DA:399,2
LF:192
LH:9
BRDA:14,0,0,0
BRDA:14,0,1,2
BRDA:14,1,0,2
BRDA:14,1,1,0
BRDA:20,2,0,0
BRDA:20,2,1,0
BRDA:45,3,0,0
BRDA:45,3,1,0
BRDA:57,4,0,0
BRDA:57,4,1,0
BRDA:57,4,2,0
BRDA:58,5,0,0
BRDA:58,5,1,0
BRDA:60,6,0,0
BRDA:60,6,1,0
BRDA:68,7,0,0
BRDA:68,7,1,0
BRDA:83,8,0,0
BRDA:83,8,1,0
BRDA:86,9,0,0
BRDA:86,9,1,0
BRDA:93,10,0,0
BRDA:93,10,1,0
BRDA:100,11,0,0
BRDA:100,11,1,0
BRDA:109,12,0,0
BRDA:109,12,1,0
BRDA:124,13,0,0
BRDA:124,13,1,0
BRDA:131,14,0,0
BRDA:131,14,1,0
BRDA:138,15,0,0
BRDA:138,15,1,0
BRDA:141,16,0,0
BRDA:141,16,1,0
BRDA:147,17,0,0
BRDA:147,17,1,0
BRDA:153,18,0,0
BRDA:153,18,1,0
BRDA:159,19,0,0
BRDA:159,19,1,0
BRDA:165,20,0,0
BRDA:165,20,1,0
BRDA:179,21,0,0
BRDA:179,21,1,0
BRDA:183,22,0,0
BRDA:183,22,1,0
BRDA:194,23,0,0
BRDA:194,23,1,0
BRDA:194,24,0,0
BRDA:194,24,1,0
BRDA:201,25,0,0
BRDA:201,25,1,0
BRDA:201,26,0,0
BRDA:201,26,1,0
BRDA:202,27,0,0
BRDA:202,27,1,0
BRDA:203,28,0,0
BRDA:203,28,1,0
BRDA:204,29,0,0
BRDA:204,29,1,0
BRDA:215,30,0,0
BRDA:215,30,1,0
BRDA:225,31,0,0
BRDA:225,31,1,0
BRDA:238,32,0,0
BRDA:238,32,1,0
BRDA:242,33,0,0
BRDA:242,33,1,0
BRDA:242,34,0,0
BRDA:242,34,1,0
BRDA:247,35,0,0
BRDA:247,35,1,0
BRDA:265,36,0,0
BRDA:265,36,1,0
BRDA:284,37,0,0
BRDA:284,37,1,0
BRDA:298,38,0,0
BRDA:298,38,1,0
BRDA:302,39,0,0
BRDA:302,39,1,0
BRDA:310,40,0,0
BRDA:310,40,1,0
BRDA:326,41,0,0
BRDA:326,41,1,0
BRDA:330,42,0,0
BRDA:330,42,1,0
BRDA:346,43,0,0
BRDA:346,43,1,0
BRDA:347,44,0,0
BRDA:347,44,1,0
BRDA:350,45,0,0
BRDA:350,45,1,0
BRDA:355,46,0,0
BRDA:355,46,1,0
BRDA:363,47,0,0
BRDA:363,47,1,0
BRDA:365,48,0,0
BRDA:365,48,1,0
BRDA:374,49,0,0
BRDA:374,49,1,0
BRDA:375,50,0,0
BRDA:375,50,1,0
BRDA:385,51,0,0
BRDA:385,51,1,0
BRF:105
BRH:2
end_of_record
TN:
SF:bots\groomingBot.js
FN:6,processGroomingMessage
FN:28,(anonymous_1)
FN:93,(anonymous_2)
FN:102,(anonymous_3)
FNF:4
FNH:0
FNDA:0,processGroomingMessage
FNDA:0,(anonymous_1)
FNDA:0,(anonymous_2)
FNDA:0,(anonymous_3)
DA:2,2
DA:3,2
DA:4,2
DA:7,0
DA:11,0
DA:12,0
DA:13,0
DA:15,0
DA:16,0
DA:21,0
DA:22,0
DA:23,0
DA:24,0
DA:25,0
DA:27,0
DA:28,0
DA:29,0
DA:31,0
DA:32,0
DA:33,0
DA:34,0
DA:40,0
DA:41,0
DA:45,0
DA:46,0
DA:47,0
DA:49,0
DA:55,0
DA:56,0
DA:57,0
DA:58,0
DA:61,0
DA:62,0
DA:63,0
DA:65,0
DA:69,0
DA:70,0
DA:71,0
DA:72,0
DA:73,0
DA:79,0
DA:80,0
DA:81,0
DA:86,0
DA:87,0
DA:88,0
DA:91,0
DA:92,0
DA:93,0
DA:94,0
DA:96,0
DA:97,0
DA:98,0
DA:99,0
DA:101,0
DA:102,0
DA:103,0
DA:105,0
DA:108,0
DA:109,0
DA:110,0
DA:111,0
DA:112,0
DA:115,0
DA:116,0
DA:122,0
DA:123,0
DA:124,0
DA:125,0
DA:126,0
DA:127,0
DA:130,0
DA:131,0
DA:136,0
DA:137,0
DA:138,0
DA:141,0
DA:142,0
DA:143,0
DA:145,0
DA:150,0
DA:152,0
DA:153,0
DA:159,0
DA:160,0
DA:161,0
DA:162,0
DA:163,0
DA:164,0
DA:167,0
DA:168,0
DA:170,0
DA:171,0
DA:172,0
DA:173,0
DA:174,0
DA:177,0
DA:178,0
DA:179,0
DA:184,0
DA:197,0
DA:202,0
DA:203,0
DA:204,0
DA:205,0
DA:207,0
DA:209,0
DA:210,0
DA:213,0
DA:214,0
DA:217,0
DA:223,0
DA:224,0
DA:226,0
DA:227,0
DA:229,0
DA:230,0
DA:235,0
DA:236,0
DA:237,0
DA:239,0
DA:240,0
DA:246,0
DA:248,0
DA:252,0
DA:256,0
DA:257,0
DA:258,0
DA:261,0
DA:264,2
LF:130
LH:4
BRDA:11,0,0,0
BRDA:11,0,1,0
BRDA:12,1,0,0
BRDA:12,1,1,0
BRDA:15,2,0,0
BRDA:15,2,1,0
BRDA:15,3,0,0
BRDA:15,3,1,0
BRDA:16,4,0,0
BRDA:16,4,1,0
BRDA:21,5,0,0
BRDA:21,5,1,0
BRDA:21,6,0,0
BRDA:21,6,1,0
BRDA:23,7,0,0
BRDA:23,7,1,0
BRDA:33,8,0,0
BRDA:33,8,1,0
BRDA:40,9,0,0
BRDA:40,9,1,0
BRDA:40,10,0,0
BRDA:40,10,1,0
BRDA:45,11,0,0
BRDA:45,11,1,0
BRDA:55,12,0,0
BRDA:55,12,1,0
BRDA:69,13,0,0
BRDA:69,13,1,0
BRDA:71,14,0,0
BRDA:71,14,1,0
BRDA:79,15,0,0
BRDA:79,15,1,0
BRDA:80,16,0,0
BRDA:80,16,1,0
BRDA:80,17,0,0
BRDA:80,17,1,0
BRDA:86,18,0,0
BRDA:86,18,1,0
BRDA:91,19,0,0
BRDA:91,19,1,0
BRDA:98,20,0,0
BRDA:98,20,1,0
BRDA:101,21,0,0
BRDA:101,21,1,0
BRDA:108,22,0,0
BRDA:108,22,1,0
BRDA:110,23,0,0
BRDA:110,23,1,0
BRDA:122,24,0,0
BRDA:122,24,1,0
BRDA:123,25,0,0
BRDA:123,25,1,0
BRDA:125,26,0,0
BRDA:125,26,1,0
BRDA:136,27,0,0
BRDA:136,27,1,0
BRDA:136,28,0,0
BRDA:136,28,1,0
BRDA:136,28,2,0
BRDA:150,29,0,0
BRDA:150,29,1,0
BRDA:159,30,0,0
BRDA:159,30,1,0
BRDA:160,31,0,0
BRDA:160,31,1,0
BRDA:162,32,0,0
BRDA:162,32,1,0
BRDA:170,33,0,0
BRDA:170,33,1,0
BRDA:172,34,0,0
BRDA:172,34,1,0
BRDA:178,35,0,0
BRDA:178,35,1,0
BRDA:202,36,0,0
BRDA:202,36,1,0
BRDA:205,37,0,0
BRDA:205,37,1,0
BRDA:209,38,0,0
BRDA:209,38,1,0
BRDA:209,39,0,0
BRDA:209,39,1,0
BRDA:214,40,0,0
BRDA:214,40,1,0
BRDA:223,41,0,0
BRDA:223,41,1,0
BRDA:226,42,0,0
BRDA:226,42,1,0
BRDA:235,43,0,0
BRDA:235,43,1,0
BRDA:239,44,0,0
BRDA:239,44,1,0
BRDA:257,45,0,0
BRDA:257,45,1,0
BRF:93
BRH:0
end_of_record
TN:
SF:bots\scannerBot.js
FN:7,processBarcodeScan
FNF:1
FNH:0
FNDA:0,processBarcodeScan
DA:2,2
DA:3,2
DA:4,2
DA:5,2
DA:8,0
DA:10,0
DA:11,0
DA:12,0
DA:13,0
DA:16,0
DA:17,0
DA:18,0
DA:20,0
DA:22,0
DA:23,0
DA:24,0
DA:25,0
DA:28,0
DA:31,0
DA:32,0
DA:33,0
DA:34,0
DA:35,0
DA:37,0
DA:39,0
DA:40,0
DA:42,0
DA:43,0
DA:44,0
DA:49,0
DA:50,0
DA:51,0
DA:55,0
DA:59,0
DA:60,0
DA:62,0
DA:65,0
DA:68,0
DA:69,0
DA:70,0
DA:74,0
DA:77,2
LF:42
LH:5
BRDA:8,0,0,0
BRDA:8,0,1,0
BRDA:10,1,0,0
BRDA:10,1,1,0
BRDA:10,2,0,0
BRDA:10,2,1,0
BRDA:11,3,0,0
BRDA:11,3,1,0
BRDA:11,4,0,0
BRDA:11,4,1,0
BRDA:17,5,0,0
BRDA:17,5,1,0
BRDA:31,6,0,0
BRDA:31,6,1,0
BRDA:42,7,0,0
BRDA:42,7,1,0
BRDA:42,8,0,0
BRDA:42,8,1,0
BRDA:49,9,0,0
BRDA:49,9,1,0
BRDA:59,10,0,0
BRDA:59,10,1,0
BRF:22
BRH:0
end_of_record
TN:
SF:bots\serviceProviderBot.js
FN:18,(anonymous_0)
FN:52,(anonymous_1)
FN:64,processProviderTrigger
FN:106,handleServiceProviderMessage
FNF:4
FNH:0
FNDA:0,(anonymous_0)
FNDA:0,(anonymous_1)
FNDA:0,processProviderTrigger
FNDA:0,handleServiceProviderMessage
DA:6,2
DA:7,2
DA:8,2
DA:9,2
DA:13,2
DA:14,0
DA:18,2
DA:19,0
DA:20,0
DA:22,0
DA:23,0
DA:25,0
DA:26,0
DA:27,0
DA:28,0
DA:29,0
DA:30,0
DA:32,0
DA:33,0
DA:34,0
DA:35,0
DA:36,0
DA:38,0
DA:39,0
DA:40,0
DA:42,0
DA:43,0
DA:46,0
DA:49,0
DA:50,0
DA:51,0
DA:52,0
DA:54,0
DA:59,2
DA:65,0
DA:66,0
DA:70,0
DA:71,0
DA:72,0
DA:74,0
DA:80,0
DA:81,0
DA:82,0
DA:83,0
DA:86,0
DA:96,0
DA:97,0
DA:98,0
DA:101,0
DA:107,0
DA:109,0
DA:110,0
DA:112,0
DA:116,0
DA:118,0
DA:119,0
DA:121,0
DA:134,0
DA:137,0
DA:138,0
DA:139,0
DA:143,0
DA:144,0
DA:145,0
DA:149,0
DA:150,0
DA:151,0
DA:155,0
DA:156,0
DA:157,0
DA:161,0
DA:162,0
DA:163,0
DA:164,0
DA:168,0
DA:175,0
DA:176,0
DA:181,0
DA:182,0
DA:188,0
DA:191,0
DA:192,0
DA:193,0
DA:194,0
DA:197,0
DA:198,0
DA:199,0
DA:200,0
DA:201,0
DA:204,0
DA:205,0
DA:206,0
DA:208,0
DA:212,0
DA:213,0
DA:214,0
DA:215,0
DA:216,0
DA:218,0
DA:219,0
DA:221,0
DA:222,0
DA:224,0
DA:226,0
DA:233,0
DA:234,0
DA:235,0
DA:237,0
DA:238,0
DA:240,0
DA:241,0
DA:243,0
DA:244,0
DA:250,0
DA:252,0
DA:253,0
DA:254,0
DA:256,0
DA:258,0
DA:259,0
DA:260,0
DA:262,0
DA:263,0
DA:265,0
DA:267,0
DA:270,0
DA:277,0
DA:278,0
DA:279,0
DA:281,0
DA:282,0
DA:283,0
DA:284,0
DA:286,0
DA:287,0
DA:288,0
DA:289,0
DA:290,0
DA:294,0
DA:295,0
DA:297,0
DA:298,0
DA:301,0
DA:302,0
DA:303,0
DA:304,0
DA:306,0
DA:307,0
DA:308,0
DA:313,0
DA:314,0
DA:315,0
DA:318,0
DA:321,0
DA:322,0
DA:323,0
DA:328,2
LF:157
LH:8
BRDA:13,0,0,0
BRDA:13,0,1,2
BRDA:13,1,0,2
BRDA:13,1,1,0
BRDA:19,2,0,0
BRDA:19,2,1,0
BRDA:25,3,0,0
BRDA:25,3,1,0
BRDA:28,4,0,0
BRDA:28,4,1,0
BRDA:38,5,0,0
BRDA:38,5,1,0
BRDA:39,6,0,0
BRDA:39,6,1,0
BRDA:40,7,0,0
BRDA:40,7,1,0
BRDA:65,8,0,0
BRDA:65,8,1,0
BRDA:65,9,0,0
BRDA:65,9,1,0
BRDA:70,10,0,0
BRDA:70,10,1,0
BRDA:80,11,0,0
BRDA:80,11,1,0
BRDA:96,12,0,0
BRDA:96,12,1,0
BRDA:109,13,0,0
BRDA:109,13,1,0
BRDA:109,13,2,0
BRDA:110,14,0,0
BRDA:110,14,1,0
BRDA:118,15,0,0
BRDA:118,15,1,0
BRDA:134,16,0,0
BRDA:134,16,1,0
BRDA:137,17,0,0
BRDA:137,17,1,0
BRDA:143,18,0,0
BRDA:143,18,1,0
BRDA:149,19,0,0
BRDA:149,19,1,0
BRDA:155,20,0,0
BRDA:155,20,1,0
BRDA:161,21,0,0
BRDA:161,21,1,0
BRDA:175,22,0,0
BRDA:175,22,1,0
BRDA:188,23,0,0
BRDA:188,23,1,0
BRDA:191,24,0,0
BRDA:191,24,1,0
BRDA:191,25,0,0
BRDA:191,25,1,0
BRDA:198,26,0,0
BRDA:198,26,1,0
BRDA:198,27,0,0
BRDA:198,27,1,0
BRDA:212,28,0,0
BRDA:212,28,1,0
BRDA:221,29,0,0
BRDA:221,29,1,0
BRDA:233,30,0,0
BRDA:233,30,1,0
BRDA:237,31,0,0
BRDA:237,31,1,0
BRDA:243,32,0,0
BRDA:243,32,1,0
BRDA:258,33,0,0
BRDA:258,33,1,0
BRDA:262,34,0,0
BRDA:262,34,1,0
BRDA:277,35,0,0
BRDA:277,35,1,0
BRDA:278,36,0,0
BRDA:278,36,1,0
BRDA:282,37,0,0
BRDA:282,37,1,0
BRDA:286,38,0,0
BRDA:286,38,1,0
BRDA:294,39,0,0
BRDA:294,39,1,0
BRDA:301,40,0,0
BRDA:301,40,1,0
BRDA:303,41,0,0
BRDA:303,41,1,0
BRDA:313,42,0,0
BRDA:313,42,1,0
BRF:87
BRH:2
end_of_record
TN:
SF:bots\societyBot.js
FN:18,(anonymous_0)
FN:42,chargeSociety
FN:68,handleSocietyMessage
FN:105,(anonymous_3)
FNF:4
FNH:0
FNDA:0,(anonymous_0)
FNDA:0,chargeSociety
FNDA:0,handleSocietyMessage
FNDA:0,(anonymous_3)
DA:4,2
DA:5,2
DA:6,2
DA:7,2
DA:8,2
DA:9,2
DA:10,2
DA:11,2
DA:14,2
DA:15,0
DA:18,2
DA:19,0
DA:20,0
DA:22,0
DA:23,0
DA:25,0
DA:26,0
DA:32,0
DA:34,0
DA:36,0
DA:40,2
DA:43,0
DA:44,0
DA:46,0
DA:48,0
DA:60,0
DA:61,0
DA:64,0
DA:69,0
DA:70,0
DA:71,0
DA:72,0
DA:73,0
DA:75,0
DA:77,0
DA:79,0
DA:81,0
DA:82,0
DA:85,0
DA:91,0
DA:94,0
DA:95,0
DA:96,0
DA:100,0
DA:101,0
DA:102,0
DA:103,0
DA:105,0
DA:107,0
DA:111,0
DA:112,0
DA:113,0
DA:117,0
DA:118,0
DA:120,0
DA:121,0
DA:123,0
DA:124,0
DA:125,0
DA:131,0
DA:132,0
DA:134,0
DA:139,0
DA:140,0
DA:142,0
DA:143,0
DA:144,0
DA:146,0
DA:149,0
DA:154,0
DA:155,0
DA:156,0
DA:157,0
DA:159,0
DA:162,0
DA:163,0
DA:172,0
DA:173,0
DA:174,0
DA:178,0
DA:179,0
DA:180,0
DA:190,0
DA:191,0
DA:192,0
DA:193,0
DA:196,0
DA:197,0
DA:198,0
DA:205,0
DA:206,0
DA:207,0
DA:209,0
DA:210,0
DA:212,0
DA:213,0
DA:214,0
DA:224,0
DA:225,0
DA:227,0
DA:228,0
DA:230,0
DA:231,0
DA:233,0
DA:234,0
DA:236,0
DA:237,0
DA:244,0
DA:245,0
DA:247,0
DA:248,0
DA:249,0
DA:251,0
DA:252,0
DA:254,0
DA:256,0
DA:258,0
DA:259,0
DA:260,0
DA:261,0
DA:263,0
DA:264,0
DA:266,0
DA:268,0
DA:271,0
DA:278,0
DA:279,0
DA:280,0
DA:281,0
DA:283,0
DA:286,0
DA:287,0
DA:289,0
DA:291,0
DA:293,0
DA:295,0
DA:297,0
DA:299,0
DA:301,0
DA:303,0
DA:304,0
DA:306,0
DA:313,0
DA:314,0
DA:315,0
DA:316,0
DA:317,0
DA:318,0
DA:319,0
DA:320,0
DA:321,0
DA:322,0
DA:323,0
DA:324,0
DA:325,0
DA:327,0
DA:330,0
DA:331,0
DA:332,0
DA:333,0
DA:334,0
DA:335,0
DA:336,0
DA:338,0
DA:339,0
DA:340,0
DA:341,0
DA:343,0
DA:344,0
DA:345,0
DA:346,0
DA:347,0
DA:348,0
DA:350,0
DA:351,0
DA:356,0
DA:357,0
DA:358,0
DA:360,0
DA:361,0
DA:362,0
DA:363,0
DA:365,0
DA:366,0
DA:367,0
DA:370,0
DA:371,0
DA:373,0
DA:378,0
DA:379,0
DA:383,0
DA:384,0
DA:388,0
DA:389,0
DA:393,2
LF:195
LH:12
BRDA:14,0,0,0
BRDA:14,0,1,2
BRDA:14,1,0,2
BRDA:14,1,1,0
BRDA:18,2,0,0
BRDA:19,3,0,0
BRDA:19,3,1,0
BRDA:23,4,0,0
BRDA:23,4,1,0
BRDA:32,5,0,0
BRDA:32,5,1,0
BRDA:44,6,0,0
BRDA:44,6,1,0
BRDA:44,7,0,0
BRDA:44,7,1,0
BRDA:46,8,0,0
BRDA:46,8,1,0
BRDA:46,8,2,0
BRDA:70,9,0,0
BRDA:70,9,1,0
BRDA:70,10,0,0
BRDA:70,10,1,0
BRDA:70,11,0,0
BRDA:70,11,1,0
BRDA:71,12,0,0
BRDA:71,12,1,0
BRDA:71,12,2,0
BRDA:72,13,0,0
BRDA:72,13,1,0
BRDA:73,14,0,0
BRDA:73,14,1,0
BRDA:73,14,2,0
BRDA:75,15,0,0
BRDA:75,15,1,0
BRDA:81,16,0,0
BRDA:81,16,1,0
BRDA:81,17,0,0
BRDA:81,17,1,0
BRDA:91,18,0,0
BRDA:91,18,1,0
BRDA:94,19,0,0
BRDA:94,19,1,0
BRDA:95,20,0,0
BRDA:95,20,1,0
BRDA:96,21,0,0
BRDA:96,21,1,0
BRDA:96,22,0,0
BRDA:96,22,1,0
BRDA:96,23,0,0
BRDA:96,23,1,0
BRDA:100,24,0,0
BRDA:100,24,1,0
BRDA:102,25,0,0
BRDA:102,25,1,0
BRDA:111,26,0,0
BRDA:111,26,1,0
BRDA:117,27,0,0
BRDA:117,27,1,0
BRDA:120,28,0,0
BRDA:120,28,1,0
BRDA:120,28,2,0
BRDA:123,29,0,0
BRDA:123,29,1,0
BRDA:124,30,0,0
BRDA:124,30,1,0
BRDA:127,31,0,0
BRDA:127,31,1,0
BRDA:127,32,0,0
BRDA:127,32,1,0
BRDA:128,33,0,0
BRDA:128,33,1,0
BRDA:139,34,0,0
BRDA:139,34,1,0
BRDA:140,35,0,0
BRDA:140,35,1,0
BRDA:142,36,0,0
BRDA:142,36,1,0
BRDA:154,37,0,0
BRDA:154,37,1,0
BRDA:172,38,0,0
BRDA:172,38,1,0
BRDA:178,39,0,0
BRDA:178,39,1,0
BRDA:182,40,0,0
BRDA:182,40,1,0
BRDA:190,41,0,0
BRDA:190,41,1,0
BRDA:196,42,0,0
BRDA:196,42,1,0
BRDA:205,43,0,0
BRDA:205,43,1,0
BRDA:209,44,0,0
BRDA:209,44,1,0
BRDA:209,45,0,0
BRDA:209,45,1,0
BRDA:224,46,0,0
BRDA:224,46,1,0
BRDA:227,47,0,0
BRDA:227,47,1,0
BRDA:233,48,0,0
BRDA:233,48,1,0
BRDA:244,49,0,0
BRDA:244,49,1,0
BRDA:247,50,0,0
BRDA:247,50,1,0
BRDA:251,51,0,0
BRDA:251,51,1,0
BRDA:258,52,0,0
BRDA:258,52,1,0
BRDA:263,53,0,0
BRDA:263,53,1,0
BRDA:278,54,0,0
BRDA:278,54,1,0
BRDA:279,55,0,0
BRDA:279,55,1,0
BRDA:291,56,0,0
BRDA:291,56,1,0
BRDA:301,57,0,0
BRDA:301,57,1,0
BRDA:313,58,0,0
BRDA:313,58,1,0
BRDA:314,59,0,0
BRDA:314,59,1,0
BRDA:317,60,0,0
BRDA:317,60,1,0
BRDA:320,61,0,0
BRDA:320,61,1,0
BRDA:323,62,0,0
BRDA:323,62,1,0
BRDA:330,63,0,0
BRDA:330,63,1,0
BRDA:332,64,0,0
BRDA:332,64,1,0
BRDA:333,65,0,0
BRDA:333,65,1,0
BRDA:338,66,0,0
BRDA:338,66,1,0
BRDA:343,67,0,0
BRDA:343,67,1,0
BRDA:344,68,0,0
BRDA:344,68,1,0
BRDA:356,69,0,0
BRDA:356,69,1,0
BRDA:356,70,0,0
BRDA:356,70,1,0
BRDA:360,71,0,0
BRDA:360,71,1,0
BRDA:365,72,0,0
BRDA:365,72,1,0
BRDA:366,73,0,0
BRDA:366,73,1,0
BRDA:378,74,0,0
BRDA:378,74,1,0
BRDA:383,75,0,0
BRDA:383,75,1,0
BRF:155
BRH:2
end_of_record
TN:
SF:bots\stokvelBot.js
FN:9,handleStokvelMessage
FNF:1
FNH:0
FNDA:0,handleStokvelMessage
DA:2,2
DA:3,2
DA:4,2
DA:5,2
DA:6,2
DA:7,2
DA:10,0
DA:11,0
DA:12,0
DA:15,0
DA:16,0
DA:17,0
DA:25,0
DA:26,0
DA:30,0
DA:31,0
DA:34,0
DA:35,0
DA:36,0
DA:40,0
DA:41,0
DA:45,0
DA:46,0
DA:47,0
DA:48,0
DA:49,0
DA:50,0
DA:52,0
DA:54,0
DA:55,0
DA:59,0
DA:60,0
DA:61,0
DA:62,0
DA:63,0
DA:64,0
DA:65,0
DA:72,0
DA:75,0
DA:76,0
DA:78,0
DA:82,0
DA:86,0
DA:87,0
DA:88,0
DA:91,0
DA:93,0
DA:99,0
DA:100,0
DA:101,0
DA:102,0
DA:103,0
DA:106,0
DA:109,0
DA:113,0
DA:114,0
DA:115,0
DA:116,0
DA:117,0
DA:120,0
DA:121,0
DA:122,0
DA:124,0
DA:125,0
DA:127,0
DA:130,0
DA:131,0
DA:133,0
DA:134,0
DA:135,0
DA:136,0
DA:138,0
DA:140,0
DA:147,0
DA:149,0
DA:152,0
DA:153,0
DA:154,0
DA:155,0
DA:156,0
DA:159,0
DA:160,0
DA:162,0
DA:163,0
DA:167,2
LF:85
LH:7
BRDA:11,0,0,0
BRDA:11,0,1,0
BRDA:15,1,0,0
BRDA:15,1,1,0
BRDA:15,2,0,0
BRDA:15,2,1,0
BRDA:30,3,0,0
BRDA:30,3,1,0
BRDA:31,4,0,0
BRDA:31,4,1,0
BRDA:31,4,2,0
BRDA:31,4,3,0
BRDA:31,4,4,0
BRDA:31,4,5,0
BRDA:40,5,0,0
BRDA:40,5,1,0
BRDA:40,6,0,0
BRDA:40,6,1,0
BRDA:40,7,0,0
BRDA:40,7,1,0
BRDA:45,8,0,0
BRDA:45,8,1,0
BRDA:46,9,0,0
BRDA:46,9,1,0
BRDA:46,10,0,0
BRDA:46,10,1,0
BRDA:49,11,0,0
BRDA:49,11,1,0
BRDA:62,12,0,0
BRDA:62,12,1,0
BRDA:86,13,0,0
BRDA:86,13,1,0
BRDA:99,14,0,0
BRDA:99,14,1,0
BRDA:101,15,0,0
BRDA:101,15,1,0
BRDA:101,16,0,0
BRDA:101,16,1,0
BRDA:113,17,0,0
BRDA:113,17,1,0
BRDA:130,18,0,0
BRDA:130,18,1,0
BRDA:133,19,0,0
BRDA:133,19,1,0
BRDA:138,20,0,0
BRDA:138,20,1,0
BRDA:152,21,0,0
BRDA:152,21,1,0
BRF:48
BRH:0
end_of_record
TN:
SF:bots\vendorBot.js
FN:5,(anonymous_0)
FNF:1
FNH:0
FNDA:0,(anonymous_0)
DA:2,2
DA:3,2
DA:5,2
DA:6,0
DA:7,0
DA:10,0
DA:12,0
DA:14,0
DA:15,0
DA:16,0
DA:19,0
DA:21,0
DA:22,0
DA:24,0
DA:25,0
DA:26,0
DA:30,0
DA:31,0
DA:43,0
DA:44,0
DA:45,0
DA:49,0
DA:53,0
DA:54,0
DA:55,0
DA:58,0
DA:59,0
DA:60,0
DA:64,0
DA:75,0
DA:78,0
DA:79,0
DA:80,0
DA:81,0
DA:82,0
DA:83,0
DA:85,0
DA:89,0
LF:38
LH:3
BRDA:10,0,0,0
BRDA:10,0,1,0
BRDA:14,1,0,0
BRDA:14,1,1,0
BRDA:24,2,0,0
BRDA:24,2,1,0
BRDA:24,3,0,0
BRDA:24,3,1,0
BRDA:43,4,0,0
BRDA:43,4,1,0
BRDA:53,5,0,0
BRDA:53,5,1,0
BRDA:53,6,0,0
BRDA:53,6,1,0
BRDA:58,7,0,0
BRDA:58,7,1,0
BRDA:69,8,0,0
BRDA:69,8,1,0
BRDA:79,9,0,0
BRDA:79,9,1,0
BRDA:80,10,0,0
BRDA:80,10,1,0
BRF:22
BRH:0
end_of_record
TN:
SF:middleware\rateLimiter.js
FNF:0
FNH:0
DA:3,2
DA:7,2
DA:17,2
DA:27,2
DA:35,2
LF:5
LH:5
BRF:0
BRH:0
end_of_record
TN:
SF:routes\admin.js
FN:34,(anonymous_0)
FN:45,(anonymous_1)
FN:48,(anonymous_2)
FN:56,(anonymous_3)
FN:61,(anonymous_4)
FN:86,(anonymous_5)
FN:89,(anonymous_6)
FN:101,(anonymous_7)
FN:141,(anonymous_8)
FN:186,(anonymous_9)
FN:217,(anonymous_10)
FN:277,(anonymous_11)
FN:480,(anonymous_12)
FN:493,(anonymous_13)
FN:520,(anonymous_14)
FN:535,(anonymous_15)
FN:566,(anonymous_16)
FN:620,(anonymous_17)
FN:630,(anonymous_18)
FN:697,(anonymous_19)
FN:715,(anonymous_20)
FN:880,(anonymous_21)
FN:931,(anonymous_22)
FN:971,(anonymous_23)
FN:993,(anonymous_24)
FN:1002,(anonymous_25)
FN:1012,(anonymous_26)
FN:1034,(anonymous_27)
FN:1044,(anonymous_28)
FN:1062,(anonymous_29)
FN:1301,(anonymous_30)
FN:1302,(anonymous_31)
FN:1306,(anonymous_32)
FN:1358,(anonymous_33)
FN:1368,(anonymous_34)
FN:1386,(anonymous_35)
FN:1393,(anonymous_36)
FN:1465,(anonymous_37)
FN:1483,(anonymous_38)
FN:1495,(anonymous_39)
FN:1501,(anonymous_40)
FN:1502,(anonymous_41)
FN:1541,(anonymous_42)
FN:1566,(anonymous_43)
FN:1582,(anonymous_44)
FN:2066,(anonymous_45)
FN:2072,(anonymous_46)
FN:2100,(anonymous_47)
FN:2101,(anonymous_48)
FN:2102,(anonymous_49)
FN:2104,(anonymous_50)
FN:2104,(anonymous_51)
FN:2153,(anonymous_52)
FN:2156,(anonymous_53)
FN:2172,(anonymous_54)
FN:2190,(anonymous_55)
FN:2197,(anonymous_56)
FN:2199,(anonymous_57)
FN:2224,(anonymous_58)
FN:2266,(anonymous_59)
FN:2271,(anonymous_60)
FN:2294,(anonymous_61)
FN:2365,(anonymous_62)
FN:2413,(anonymous_63)
FN:2430,(anonymous_64)
FN:2447,(anonymous_65)
FN:2486,(anonymous_66)
FN:2501,(anonymous_67)
FN:2518,(anonymous_68)
FN:2532,(anonymous_69)
FN:2541,(anonymous_70)
FN:2579,(anonymous_71)
FN:2580,(anonymous_72)
FN:2584,(anonymous_73)
FN:2605,(anonymous_74)
FN:2615,(anonymous_75)
FN:2640,(anonymous_76)
FN:2657,(anonymous_77)
FN:2685,(anonymous_78)
FN:2712,(anonymous_79)
FN:2720,(anonymous_80)
FN:2738,(anonymous_81)
FN:2774,(anonymous_82)
FN:2813,(anonymous_83)
FN:2820,(anonymous_84)
FN:2884,(anonymous_85)
FN:2900,(anonymous_86)
FNF:87
FNH:2
FNDA:0,(anonymous_0)
FNDA:0,(anonymous_1)
FNDA:0,(anonymous_2)
FNDA:0,(anonymous_3)
FNDA:0,(anonymous_4)
FNDA:2,(anonymous_5)
FNDA:0,(anonymous_6)
FNDA:0,(anonymous_7)
FNDA:0,(anonymous_8)
FNDA:0,(anonymous_9)
FNDA:0,(anonymous_10)
FNDA:0,(anonymous_11)
FNDA:0,(anonymous_12)
FNDA:0,(anonymous_13)
FNDA:0,(anonymous_14)
FNDA:0,(anonymous_15)
FNDA:0,(anonymous_16)
FNDA:0,(anonymous_17)
FNDA:0,(anonymous_18)
FNDA:0,(anonymous_19)
FNDA:0,(anonymous_20)
FNDA:0,(anonymous_21)
FNDA:1,(anonymous_22)
FNDA:0,(anonymous_23)
FNDA:0,(anonymous_24)
FNDA:0,(anonymous_25)
FNDA:0,(anonymous_26)
FNDA:0,(anonymous_27)
FNDA:0,(anonymous_28)
FNDA:0,(anonymous_29)
FNDA:0,(anonymous_30)
FNDA:0,(anonymous_31)
FNDA:0,(anonymous_32)
FNDA:0,(anonymous_33)
FNDA:0,(anonymous_34)
FNDA:0,(anonymous_35)
FNDA:0,(anonymous_36)
FNDA:0,(anonymous_37)
FNDA:0,(anonymous_38)
FNDA:0,(anonymous_39)
FNDA:0,(anonymous_40)
FNDA:0,(anonymous_41)
FNDA:0,(anonymous_42)
FNDA:0,(anonymous_43)
FNDA:0,(anonymous_44)
FNDA:0,(anonymous_45)
FNDA:0,(anonymous_46)
FNDA:0,(anonymous_47)
FNDA:0,(anonymous_48)
FNDA:0,(anonymous_49)
FNDA:0,(anonymous_50)
FNDA:0,(anonymous_51)
FNDA:0,(anonymous_52)
FNDA:0,(anonymous_53)
FNDA:0,(anonymous_54)
FNDA:0,(anonymous_55)
FNDA:0,(anonymous_56)
FNDA:0,(anonymous_57)
FNDA:0,(anonymous_58)
FNDA:0,(anonymous_59)
FNDA:0,(anonymous_60)
FNDA:0,(anonymous_61)
FNDA:0,(anonymous_62)
FNDA:0,(anonymous_63)
FNDA:0,(anonymous_64)
FNDA:0,(anonymous_65)
FNDA:0,(anonymous_66)
FNDA:0,(anonymous_67)
FNDA:0,(anonymous_68)
FNDA:0,(anonymous_69)
FNDA:0,(anonymous_70)
FNDA:0,(anonymous_71)
FNDA:0,(anonymous_72)
FNDA:0,(anonymous_73)
FNDA:0,(anonymous_74)
FNDA:0,(anonymous_75)
FNDA:0,(anonymous_76)
FNDA:0,(anonymous_77)
FNDA:0,(anonymous_78)
FNDA:0,(anonymous_79)
FNDA:0,(anonymous_80)
FNDA:0,(anonymous_81)
FNDA:0,(anonymous_82)
FNDA:0,(anonymous_83)
FNDA:0,(anonymous_84)
FNDA:0,(anonymous_85)
FNDA:0,(anonymous_86)
DA:1,2
DA:2,2
DA:3,2
DA:4,2
DA:5,2
DA:6,2
DA:7,2
DA:10,2
DA:11,2
DA:12,2
DA:14,2
DA:15,2
DA:16,2
DA:19,2
DA:20,2
DA:23,2
DA:30,2
DA:35,0
DA:36,0
DA:37,0
DA:39,0
DA:45,2
DA:46,0
DA:47,0
DA:48,0
DA:49,0
DA:50,0
DA:52,0
DA:56,2
DA:57,0
DA:58,0
DA:59,0
DA:61,0
DA:64,0
DA:65,0
DA:66,0
DA:67,0
DA:68,0
DA:69,0
DA:71,0
DA:86,2
DA:89,2
DA:90,0
DA:91,0
DA:92,0
DA:93,0
DA:94,0
DA:95,0
DA:101,2
DA:102,0
DA:103,0
DA:104,0
DA:106,0
DA:107,0
DA:109,0
DA:137,0
DA:141,2
DA:142,0
DA:143,0
DA:144,0
DA:146,0
DA:148,0
DA:155,0
DA:157,0
DA:158,0
DA:160,0
DA:169,0
DA:179,0
DA:186,2
DA:187,0
DA:188,0
DA:189,0
DA:191,0
DA:217,2
DA:218,0
DA:219,0
DA:220,0
DA:223,0
DA:224,0
DA:225,0
DA:226,0
DA:228,0
DA:229,0
DA:232,0
DA:245,0
DA:246,0
DA:249,0
DA:250,0
DA:251,0
DA:254,0
DA:261,0
DA:262,0
DA:266,0
DA:267,0
DA:270,0
DA:277,2
DA:278,0
DA:480,2
DA:481,0
DA:489,0
DA:493,2
DA:494,0
DA:495,0
DA:497,0
DA:498,0
DA:501,0
DA:505,0
DA:506,0
DA:509,0
DA:510,0
DA:511,0
DA:513,0
DA:516,0
DA:517,0
DA:520,0
DA:521,0
DA:525,0
DA:527,0
DA:528,0
DA:535,2
DA:536,0
DA:537,0
DA:540,0
DA:547,0
DA:553,0
DA:554,0
DA:555,0
DA:556,0
DA:559,0
DA:566,0
DA:576,0
DA:611,0
DA:613,0
DA:620,2
DA:621,0
DA:622,0
DA:623,0
DA:630,0
DA:631,0
DA:632,0
DA:633,0
DA:634,0
DA:636,0
DA:637,0
DA:638,0
DA:643,0
DA:644,0
DA:646,0
DA:667,0
DA:688,0
DA:690,0
DA:697,2
DA:698,0
DA:700,0
DA:701,0
DA:710,0
DA:712,0
DA:713,0
DA:715,0
DA:716,0
DA:717,0
DA:718,0
DA:720,0
DA:721,0
DA:722,0
DA:723,0
DA:725,0
DA:728,0
DA:729,0
DA:730,0
DA:734,0
DA:735,0
DA:744,0
DA:745,0
DA:753,0
DA:774,0
DA:869,0
DA:872,0
DA:873,0
DA:880,2
DA:881,0
DA:882,0
DA:884,0
DA:885,0
DA:891,0
DA:892,0
DA:894,0
DA:905,0
DA:906,0
DA:907,0
DA:909,0
DA:911,0
DA:912,0
DA:914,0
DA:920,0
DA:923,0
DA:924,0
DA:931,2
DA:932,1
DA:933,1
DA:938,1
DA:940,1
DA:945,1
DA:947,1
DA:948,1
DA:950,1
DA:951,1
DA:953,1
DA:960,1
DA:963,0
DA:964,0
DA:971,2
DA:972,0
DA:973,0
DA:976,0
DA:992,0
DA:993,0
DA:996,0
DA:1001,0
DA:1002,0
DA:1003,0
DA:1008,0
DA:1009,0
DA:1012,0
DA:1013,0
DA:1014,0
DA:1029,0
DA:1033,0
DA:1034,0
DA:1035,0
DA:1036,0
DA:1037,0
DA:1039,0
DA:1040,0
DA:1044,0
DA:1045,0
DA:1046,0
DA:1047,0
DA:1062,0
DA:1063,0
DA:1065,0
DA:1066,0
DA:1068,0
DA:1070,0
DA:1071,0
DA:1072,0
DA:1073,0
DA:1074,0
DA:1075,0
DA:1079,0
DA:1104,0
DA:1290,0
DA:1293,0
DA:1294,0
DA:1301,2
DA:1302,0
DA:1303,0
DA:1304,0
DA:1307,0
DA:1308,0
DA:1311,0
DA:1313,0
DA:1319,0
DA:1320,0
DA:1333,0
DA:1336,0
DA:1339,0
DA:1345,0
DA:1346,0
DA:1348,0
DA:1350,0
DA:1351,0
DA:1358,2
DA:1359,0
DA:1361,0
DA:1368,0
DA:1376,0
DA:1378,0
DA:1379,0
DA:1386,2
DA:1387,0
DA:1388,0
DA:1393,0
DA:1407,0
DA:1458,0
DA:1460,0
DA:1461,0
DA:1465,2
DA:1466,0
DA:1467,0
DA:1478,0
DA:1480,0
DA:1483,2
DA:1484,0
DA:1485,0
DA:1489,0
DA:1491,0
DA:1495,2
DA:1496,0
DA:1501,0
DA:1502,0
DA:1504,0
DA:1542,0
DA:1543,0
DA:1544,0
DA:1545,0
DA:1546,0
DA:1547,0
DA:1549,0
DA:1562,0
DA:1566,2
DA:1567,0
DA:1578,0
DA:1579,0
DA:1580,0
DA:1582,0
DA:1583,0
DA:1584,0
DA:1585,0
DA:1586,0
DA:1588,0
DA:1592,0
DA:1594,0
DA:1608,0
DA:2062,0
DA:2066,2
DA:2067,0
DA:2068,0
DA:2072,0
DA:2074,0
DA:2100,2
DA:2101,0
DA:2103,0
DA:2104,0
DA:2105,0
DA:2106,0
DA:2107,0
DA:2109,0
DA:2112,0
DA:2115,0
DA:2117,0
DA:2118,0
DA:2119,0
DA:2120,0
DA:2124,0
DA:2126,0
DA:2127,0
DA:2128,0
DA:2129,0
DA:2132,0
DA:2133,0
DA:2134,0
DA:2136,0
DA:2140,0
DA:2142,0
DA:2143,0
DA:2147,0
DA:2148,0
DA:2153,2
DA:2154,0
DA:2155,0
DA:2156,0
DA:2158,0
DA:2169,0
DA:2172,2
DA:2173,0
DA:2174,0
DA:2175,0
DA:2177,0
DA:2185,0
DA:2186,0
DA:2190,2
DA:2191,0
DA:2197,0
DA:2199,0
DA:2209,0
DA:2224,2
DA:2225,0
DA:2226,0
DA:2228,0
DA:2230,0
DA:2231,0
DA:2233,0
DA:2235,0
DA:2245,0
DA:2246,0
DA:2247,0
DA:2251,0
DA:2252,0
DA:2257,0
DA:2258,0
DA:2259,0
DA:2262,0
DA:2266,2
DA:2267,0
DA:2268,0
DA:2271,0
DA:2272,0
DA:2275,0
DA:2276,0
DA:2280,0
DA:2281,0
DA:2283,0
DA:2286,0
DA:2287,0
DA:2288,0
DA:2289,0
DA:2291,0
DA:2292,0
DA:2294,0
DA:2295,0
DA:2296,0
DA:2297,0
DA:2299,0
DA:2302,0
DA:2365,2
DA:2367,0
DA:2368,0
DA:2370,0
DA:2372,0
DA:2373,0
DA:2374,0
DA:2376,0
DA:2377,0
DA:2378,0
DA:2379,0
DA:2380,0
DA:2382,0
DA:2383,0
DA:2385,0
DA:2386,0
DA:2389,0
DA:2390,0
DA:2391,0
DA:2394,0
DA:2395,0
DA:2397,0
DA:2398,0
DA:2399,0
DA:2400,0
DA:2402,0
DA:2404,0
DA:2405,0
DA:2407,0
DA:2409,0
DA:2413,2
DA:2414,0
DA:2424,0
DA:2430,2
DA:2431,0
DA:2441,0
DA:2447,2
DA:2448,0
DA:2449,0
DA:2450,0
DA:2453,0
DA:2461,0
DA:2464,0
DA:2465,0
DA:2466,0
DA:2470,0
DA:2481,0
DA:2482,0
DA:2483,0
DA:2484,0
DA:2486,0
DA:2487,0
DA:2491,0
DA:2493,0
DA:2494,0
DA:2501,2
DA:2502,0
DA:2503,0
DA:2504,0
DA:2506,0
DA:2511,0
DA:2513,0
DA:2518,2
DA:2519,0
DA:2530,0
DA:2532,2
DA:2533,0
DA:2534,0
DA:2541,2
DA:2542,0
DA:2543,0
DA:2545,0
DA:2546,0
DA:2550,0
DA:2551,0
DA:2553,0
DA:2554,0
DA:2555,0
DA:2559,0
DA:2569,0
DA:2571,0
DA:2572,0
DA:2579,2
DA:2580,0
DA:2581,0
DA:2582,0
DA:2585,0
DA:2586,0
DA:2588,0
DA:2590,0
DA:2592,0
DA:2597,2
DA:2598,2
DA:2605,2
DA:2606,0
DA:2607,0
DA:2608,0
DA:2610,0
DA:2615,2
DA:2616,0
DA:2617,0
DA:2629,0
DA:2631,0
DA:2640,2
DA:2641,0
DA:2642,0
DA:2643,0
DA:2645,0
DA:2649,0
DA:2651,0
DA:2652,0
DA:2657,2
DA:2658,0
DA:2659,0
DA:2661,0
DA:2662,0
DA:2664,0
DA:2675,0
DA:2677,0
DA:2678,0
DA:2685,2
DA:2686,0
DA:2687,0
DA:2695,0
DA:2697,0
DA:2704,0
DA:2705,0
DA:2712,2
DA:2714,0
DA:2720,2
DA:2721,0
DA:2722,0
DA:2723,0
DA:2727,0
DA:2728,0
DA:2729,0
DA:2730,0
DA:2731,0
DA:2734,0
DA:2735,0
DA:2738,0
DA:2748,0
DA:2757,0
DA:2760,0
DA:2763,0
DA:2764,0
DA:2769,2
DA:2774,2
DA:2775,0
DA:2776,0
DA:2779,0
DA:2783,0
DA:2785,0
DA:2786,0
DA:2788,0
DA:2789,0
DA:2790,0
DA:2793,0
DA:2795,0
DA:2800,0
DA:2802,0
DA:2805,0
DA:2806,0
DA:2813,2
DA:2814,0
DA:2815,0
DA:2820,0
DA:2834,0
DA:2877,0
DA:2879,0
DA:2880,0
DA:2884,2
DA:2885,0
DA:2886,0
DA:2895,0
DA:2897,0
DA:2900,2
DA:2901,0
DA:2902,0
DA:2906,0
DA:2908,0
LF:596
LH:82
BRDA:36,0,0,0
BRDA:36,0,1,0
BRDA:36,1,0,0
BRDA:36,1,1,0
BRDA:48,2,0,0
BRDA:48,2,1,0
BRDA:50,3,0,0
BRDA:50,3,1,0
BRDA:58,4,0,0
BRDA:58,4,1,0
BRDA:59,5,0,0
BRDA:59,5,1,0
BRDA:59,5,2,0
BRDA:59,5,3,0
BRDA:61,6,0,0
BRDA:61,6,1,0
BRDA:61,7,0,0
BRDA:61,7,1,0
BRDA:64,8,0,0
BRDA:64,8,1,0
BRDA:64,9,0,0
BRDA:64,9,1,0
BRDA:64,9,2,0
BRDA:65,10,0,0
BRDA:65,10,1,0
BRDA:65,11,0,0
BRDA:65,11,1,0
BRDA:65,11,2,0
BRDA:66,12,0,0
BRDA:66,12,1,0
BRDA:67,13,0,0
BRDA:67,13,1,0
BRDA:68,14,0,0
BRDA:68,14,1,0
BRDA:69,15,0,0
BRDA:69,15,1,0
BRDA:92,16,0,0
BRDA:92,16,1,0
BRDA:94,17,0,0
BRDA:94,17,1,0
BRDA:104,18,0,0
BRDA:104,18,1,0
BRDA:146,19,0,0
BRDA:146,19,1,0
BRDA:155,20,0,0
BRDA:155,20,1,0
BRDA:189,21,0,0
BRDA:189,21,1,0
BRDA:228,22,0,0
BRDA:228,22,1,0
BRDA:229,23,0,0
BRDA:229,23,1,0
BRDA:245,24,0,0
BRDA:245,24,1,0
BRDA:245,25,0,0
BRDA:245,25,1,0
BRDA:245,25,2,0
BRDA:250,26,0,0
BRDA:250,26,1,0
BRDA:261,27,0,0
BRDA:261,27,1,0
BRDA:498,28,0,0
BRDA:498,28,1,0
BRDA:505,29,0,0
BRDA:505,29,1,0
BRDA:511,30,0,0
BRDA:511,30,1,0
BRDA:517,31,0,0
BRDA:517,31,1,0
BRDA:553,32,0,0
BRDA:553,32,1,0
BRDA:554,33,0,0
BRDA:554,33,1,0
BRDA:554,34,0,0
BRDA:554,34,1,0
BRDA:555,35,0,0
BRDA:555,35,1,0
BRDA:556,36,0,0
BRDA:556,36,1,0
BRDA:569,37,0,0
BRDA:569,37,1,0
BRDA:571,38,0,0
BRDA:571,38,1,0
BRDA:572,39,0,0
BRDA:572,39,1,0
BRDA:606,40,0,0
BRDA:606,40,1,0
BRDA:632,41,0,0
BRDA:632,41,1,0
BRDA:632,42,0,0
BRDA:632,42,1,0
BRDA:633,43,0,0
BRDA:633,43,1,0
BRDA:634,44,0,0
BRDA:634,44,1,0
BRDA:634,45,0,0
BRDA:634,45,1,0
BRDA:637,46,0,0
BRDA:637,46,1,0
BRDA:638,47,0,0
BRDA:638,47,1,0
BRDA:643,48,0,0
BRDA:643,48,1,0
BRDA:644,49,0,0
BRDA:644,49,1,0
BRDA:653,50,0,0
BRDA:653,50,1,0
BRDA:654,51,0,0
BRDA:654,51,1,0
BRDA:660,52,0,0
BRDA:660,52,1,0
BRDA:683,53,0,0
BRDA:683,53,1,0
BRDA:712,54,0,0
BRDA:712,54,1,0
BRDA:721,55,0,0
BRDA:721,55,1,0
BRDA:721,56,0,0
BRDA:721,56,1,0
BRDA:722,57,0,0
BRDA:722,57,1,0
BRDA:729,58,0,0
BRDA:729,58,1,0
BRDA:729,59,0,0
BRDA:729,59,1,0
BRDA:734,60,0,0
BRDA:734,60,1,0
BRDA:744,61,0,0
BRDA:744,61,1,0
BRDA:744,62,0,0
BRDA:744,62,1,0
BRDA:760,63,0,0
BRDA:760,63,1,0
BRDA:891,64,0,0
BRDA:891,64,1,0
BRDA:892,65,0,0
BRDA:892,65,1,0
BRDA:897,66,0,0
BRDA:897,66,1,0
BRDA:898,67,0,0
BRDA:898,67,1,0
BRDA:905,68,0,0
BRDA:905,68,1,0
BRDA:907,69,0,0
BRDA:907,69,1,0
BRDA:938,70,0,0
BRDA:938,70,1,1
BRDA:945,71,0,0
BRDA:945,71,1,1
BRDA:1008,72,0,0
BRDA:1008,72,1,0
BRDA:1013,73,0,0
BRDA:1013,73,1,0
BRDA:1019,74,0,0
BRDA:1019,74,1,0
BRDA:1036,75,0,0
BRDA:1036,75,1,0
BRDA:1040,76,0,0
BRDA:1040,76,1,0
BRDA:1044,77,0,0
BRDA:1044,77,1,0
BRDA:1046,78,0,0
BRDA:1046,78,1,0
BRDA:1063,79,0,0
BRDA:1063,79,1,0
BRDA:1066,80,0,0
BRDA:1066,80,1,0
BRDA:1070,81,0,0
BRDA:1070,81,1,0
BRDA:1072,82,0,0
BRDA:1072,82,1,0
BRDA:1074,83,0,0
BRDA:1074,83,1,0
BRDA:1082,84,0,0
BRDA:1082,84,1,0
BRDA:1151,85,0,0
BRDA:1151,85,1,0
BRDA:1303,86,0,0
BRDA:1303,86,1,0
BRDA:1308,87,0,0
BRDA:1308,87,1,0
BRDA:1319,88,0,0
BRDA:1319,88,1,0
BRDA:1336,89,0,0
BRDA:1336,89,1,0
BRDA:1336,90,0,0
BRDA:1336,90,1,0
BRDA:1371,91,0,0
BRDA:1371,91,1,0
BRDA:1452,92,0,0
BRDA:1452,92,1,0
BRDA:1474,93,0,0
BRDA:1474,93,1,0
BRDA:1528,94,0,0
BRDA:1528,94,1,0
BRDA:1541,95,0,0
BRDA:1541,95,1,0
BRDA:1543,96,0,0
BRDA:1543,96,1,0
BRDA:1544,97,0,0
BRDA:1544,97,1,0
BRDA:1545,98,0,0
BRDA:1545,98,1,0
BRDA:1546,99,0,0
BRDA:1546,99,1,0
BRDA:1547,100,0,0
BRDA:1547,100,1,0
BRDA:1579,101,0,0
BRDA:1579,101,1,0
BRDA:1584,102,0,0
BRDA:1584,102,1,0
BRDA:1585,103,0,0
BRDA:1585,103,1,0
BRDA:1586,104,0,0
BRDA:1586,104,1,0
BRDA:1588,105,0,0
BRDA:1588,105,1,0
BRDA:1592,106,0,0
BRDA:1592,106,1,0
BRDA:1592,107,0,0
BRDA:1592,107,1,0
BRDA:1595,108,0,0
BRDA:1595,108,1,0
BRDA:1596,109,0,0
BRDA:1596,109,1,0
BRDA:1600,110,0,0
BRDA:1600,110,1,0
BRDA:2069,111,0,0
BRDA:2069,111,1,0
BRDA:2078,112,0,0
BRDA:2078,112,1,0
BRDA:2101,113,0,0
BRDA:2101,113,1,0
BRDA:2109,114,0,0
BRDA:2109,114,1,0
BRDA:2109,114,2,0
BRDA:2109,114,3,0
BRDA:2109,114,4,0
BRDA:2112,115,0,0
BRDA:2112,115,1,0
BRDA:2112,115,2,0
BRDA:2112,115,3,0
BRDA:2112,115,4,0
BRDA:2115,116,0,0
BRDA:2115,116,1,0
BRDA:2115,116,2,0
BRDA:2115,116,3,0
BRDA:2115,116,4,0
BRDA:2117,117,0,0
BRDA:2117,117,1,0
BRDA:2117,118,0,0
BRDA:2117,118,1,0
BRDA:2117,118,2,0
BRDA:2124,119,0,0
BRDA:2124,119,1,0
BRDA:2126,120,0,0
BRDA:2126,120,1,0
BRDA:2126,121,0,0
BRDA:2126,121,1,0
BRDA:2129,122,0,0
BRDA:2129,122,1,0
BRDA:2129,123,0,0
BRDA:2129,123,1,0
BRDA:2133,124,0,0
BRDA:2133,124,1,0
BRDA:2156,125,0,0
BRDA:2156,125,1,0
BRDA:2175,126,0,0
BRDA:2175,126,1,0
BRDA:2175,127,0,0
BRDA:2175,127,1,0
BRDA:2197,128,0,0
BRDA:2197,128,1,0
BRDA:2197,128,2,0
BRDA:2197,128,3,0
BRDA:2197,128,4,0
BRDA:2218,129,0,0
BRDA:2218,129,1,0
BRDA:2228,130,0,0
BRDA:2228,130,1,0
BRDA:2231,131,0,0
BRDA:2231,131,1,0
BRDA:2233,132,0,0
BRDA:2233,132,1,0
BRDA:2251,133,0,0
BRDA:2251,133,1,0
BRDA:2268,134,0,0
BRDA:2268,134,1,0
BRDA:2272,135,0,0
BRDA:2272,135,1,0
BRDA:2275,136,0,0
BRDA:2275,136,1,0
BRDA:2275,137,0,0
BRDA:2275,137,1,0
BRDA:2280,138,0,0
BRDA:2280,138,1,0
BRDA:2280,139,0,0
BRDA:2280,139,1,0
BRDA:2280,139,2,0
BRDA:2281,140,0,0
BRDA:2281,140,1,0
BRDA:2286,141,0,0
BRDA:2286,141,1,0
BRDA:2287,142,0,0
BRDA:2287,142,1,0
BRDA:2291,143,0,0
BRDA:2291,143,1,0
BRDA:2291,144,0,0
BRDA:2291,144,1,0
BRDA:2292,145,0,0
BRDA:2292,145,1,0
BRDA:2292,146,0,0
BRDA:2292,146,1,0
BRDA:2295,147,0,0
BRDA:2295,147,1,0
BRDA:2296,148,0,0
BRDA:2296,148,1,0
BRDA:2305,149,0,0
BRDA:2305,149,1,0
BRDA:2322,150,0,0
BRDA:2322,150,1,0
BRDA:2332,151,0,0
BRDA:2332,151,1,0
BRDA:2368,152,0,0
BRDA:2368,152,1,0
BRDA:2377,153,0,0
BRDA:2377,153,1,0
BRDA:2399,154,0,0
BRDA:2399,154,1,0
BRDA:2450,155,0,0
BRDA:2450,155,1,0
BRDA:2461,156,0,0
BRDA:2461,156,1,0
BRDA:2464,157,0,0
BRDA:2464,157,1,0
BRDA:2464,158,0,0
BRDA:2464,158,1,0
BRDA:2465,159,0,0
BRDA:2465,159,1,0
BRDA:2483,160,0,0
BRDA:2483,160,1,0
BRDA:2504,161,0,0
BRDA:2504,161,1,0
BRDA:2545,162,0,0
BRDA:2545,162,1,0
BRDA:2545,163,0,0
BRDA:2545,163,1,0
BRDA:2551,164,0,0
BRDA:2551,164,1,0
BRDA:2554,165,0,0
BRDA:2554,165,1,0
BRDA:2554,166,0,0
BRDA:2554,166,1,0
BRDA:2581,167,0,0
BRDA:2581,167,1,0
BRDA:2586,168,0,0
BRDA:2586,168,1,0
BRDA:2623,169,0,0
BRDA:2623,169,1,0
BRDA:2643,170,0,0
BRDA:2643,170,1,0
BRDA:2662,171,0,0
BRDA:2662,171,1,0
BRDA:2695,172,0,0
BRDA:2695,172,1,0
BRDA:2727,173,0,0
BRDA:2727,173,1,0
BRDA:2727,173,2,0
BRDA:2728,174,0,0
BRDA:2728,174,1,0
BRDA:2728,174,2,0
BRDA:2729,175,0,0
BRDA:2729,175,1,0
BRDA:2729,175,2,0
BRDA:2730,176,0,0
BRDA:2730,176,1,0
BRDA:2730,176,2,0
BRDA:2731,177,0,0
BRDA:2731,177,1,0
BRDA:2731,177,2,0
BRDA:2734,178,0,0
BRDA:2734,178,1,0
BRDA:2734,179,0,0
BRDA:2734,179,1,0
BRDA:2741,180,0,0
BRDA:2741,180,1,0
BRDA:2742,181,0,0
BRDA:2742,181,1,0
BRDA:2743,182,0,0
BRDA:2743,182,1,0
BRDA:2783,183,0,0
BRDA:2783,183,1,0
BRDA:2785,184,0,0
BRDA:2785,184,1,0
BRDA:2788,185,0,0
BRDA:2788,185,1,0
BRDA:2788,186,0,0
BRDA:2788,186,1,0
BRDA:2824,187,0,0
BRDA:2824,187,1,0
BRDA:2824,188,0,0
BRDA:2824,188,1,0
BRDA:2871,189,0,0
BRDA:2871,189,1,0
BRF:404
BRH:2
end_of_record
TN:
SF:routes\adminPricing.js
FN:5,(anonymous_0)
FN:8,(anonymous_1)
FN:16,(anonymous_2)
FN:17,(anonymous_3)
FN:50,(anonymous_4)
FN:54,(anonymous_5)
FN:73,(anonymous_6)
FNF:7
FNH:1
FNDA:2,(anonymous_0)
FNDA:0,(anonymous_1)
FNDA:0,(anonymous_2)
FNDA:0,(anonymous_3)
FNDA:0,(anonymous_4)
FNDA:0,(anonymous_5)
FNDA:0,(anonymous_6)
DA:2,2
DA:3,2
DA:5,2
DA:8,2
DA:9,0
DA:11,0
DA:16,0
DA:17,0
DA:19,0
DA:50,0
DA:54,0
DA:73,0
DA:100,0
DA:101,0
DA:105,2
LF:15
LH:5
BRDA:50,0,0,0
BRDA:50,0,1,0
BRDA:54,1,0,0
BRDA:54,1,1,0
BRDA:79,2,0,0
BRDA:79,2,1,0
BRDA:82,3,0,0
BRDA:82,3,1,0
BRDA:83,4,0,0
BRDA:83,4,1,0
BRF:10
BRH:0
end_of_record
TN:
SF:routes\blastEngine.js
FN:13,(anonymous_0)
FN:13,(anonymous_1)
FN:15,(anonymous_2)
FNF:3
FNH:0
FNDA:0,(anonymous_0)
FNDA:0,(anonymous_1)
FNDA:0,(anonymous_2)
DA:4,2
DA:5,2
DA:6,2
DA:7,2
DA:8,2
DA:9,2
DA:10,2
DA:13,2
DA:15,2
DA:16,0
DA:18,0
DA:19,0
DA:22,0
DA:26,0
DA:29,0
DA:36,0
DA:37,0
DA:40,0
DA:41,0
DA:44,0
DA:45,0
DA:49,0
DA:52,0
DA:53,0
DA:56,0
DA:57,0
DA:58,0
DA:62,0
DA:65,0
DA:66,0
DA:68,0
DA:71,0
DA:76,0
DA:77,0
DA:80,0
DA:81,0
DA:85,0
DA:88,0
DA:95,0
DA:96,0
DA:100,2
LF:41
LH:10
BRDA:26,0,0,0
BRDA:26,0,1,0
BRDA:36,1,0,0
BRDA:36,1,1,0
BRDA:56,2,0,0
BRDA:56,2,1,0
BRDA:57,3,0,0
BRDA:57,3,1,0
BRDA:66,4,0,0
BRDA:66,4,1,0
BRF:10
BRH:0
end_of_record
TN:
SF:routes\checkout.js
FN:15,(anonymous_0)
FN:167,(anonymous_1)
FNF:2
FNH:0
FNDA:0,(anonymous_0)
FNDA:0,(anonymous_1)
DA:3,2
DA:4,2
DA:5,2
DA:8,2
DA:11,2
DA:12,2
DA:13,2
DA:15,2
DA:16,0
DA:17,0
DA:21,0
DA:24,0
DA:160,0
DA:162,0
DA:167,2
DA:168,0
DA:169,0
DA:172,0
DA:175,0
DA:187,0
DA:188,0
DA:194,0
DA:199,0
DA:204,0
DA:211,0
DA:215,2
LF:26
LH:10
BRDA:11,0,0,2
BRDA:11,0,1,2
BRDA:12,1,0,2
BRDA:12,1,1,2
BRDA:13,2,0,2
BRDA:13,2,1,2
BRDA:21,3,0,0
BRDA:21,3,1,0
BRDA:187,4,0,0
BRDA:187,4,1,0
BRF:10
BRH:6
end_of_record
TN:
SF:routes\collectionbot.js
FN:8,(anonymous_0)
FN:12,(anonymous_1)
FNF:2
FNH:1
FNDA:2,(anonymous_0)
FNDA:0,(anonymous_1)
DA:4,2
DA:5,2
DA:6,2
DA:8,2
DA:12,2
DA:14,0
DA:15,0
DA:17,0
DA:19,0
DA:21,0
DA:29,0
DA:31,0
DA:32,0
DA:35,0
DA:36,0
DA:37,0
DA:41,0
DA:42,0
DA:43,0
DA:48,0
DA:51,0
DA:54,0
DA:55,0
DA:59,0
DA:60,0
DA:64,2
LF:26
LH:6
BRDA:14,0,0,0
BRDA:14,0,1,0
BRDA:15,1,0,0
BRDA:15,1,1,0
BRDA:17,2,0,0
BRDA:17,2,1,0
BRDA:29,3,0,0
BRDA:29,3,1,0
BRDA:32,4,0,0
BRDA:32,4,1,0
BRDA:35,5,0,0
BRDA:35,5,1,0
BRDA:41,6,0,0
BRDA:41,6,1,0
BRF:14
BRH:0
end_of_record
TN:
SF:routes\crmClaims.js
FN:11,(anonymous_0)
FN:25,(anonymous_1)
FN:31,(anonymous_2)
FN:32,(anonymous_3)
FN:33,(anonymous_4)
FN:58,(anonymous_5)
FNF:6
FNH:0
FNDA:0,(anonymous_0)
FNDA:0,(anonymous_1)
FNDA:0,(anonymous_2)
FNDA:0,(anonymous_3)
FNDA:0,(anonymous_4)
FNDA:0,(anonymous_5)
DA:4,2
DA:5,2
DA:6,2
DA:7,2
DA:8,2
DA:11,2
DA:12,0
DA:14,0
DA:15,0
DA:18,0
DA:25,0
DA:31,0
DA:32,0
DA:33,0
DA:36,0
DA:38,0
DA:52,0
DA:53,0
DA:58,2
DA:59,0
DA:60,0
DA:62,0
DA:63,0
DA:66,0
DA:77,0
DA:78,0
DA:79,0
DA:80,0
DA:81,0
DA:85,0
DA:87,0
DA:88,0
DA:91,0
DA:94,0
DA:95,0
DA:99,2
LF:36
LH:8
BRDA:27,0,0,0
BRDA:27,0,1,0
BRDA:27,1,0,0
BRDA:27,1,1,0
BRDA:32,2,0,0
BRDA:32,2,1,0
BRDA:33,3,0,0
BRDA:33,3,1,0
BRDA:33,3,2,0
BRDA:70,4,0,0
BRDA:70,4,1,0
BRDA:78,5,0,0
BRDA:78,5,1,0
BRDA:79,6,0,0
BRDA:79,6,1,0
BRDA:80,7,0,0
BRDA:80,7,1,0
BRDA:81,8,0,0
BRDA:81,8,1,0
BRDA:81,9,0,0
BRDA:81,9,1,0
BRDA:85,10,0,0
BRDA:85,10,1,0
BRDA:85,11,0,0
BRDA:85,11,1,0
BRDA:87,12,0,0
BRDA:87,12,1,0
BRDA:87,13,0,0
BRDA:87,13,1,0
BRF:29
BRH:0
end_of_record
TN:
SF:routes\ficaPortal.js
FN:15,(anonymous_0)
FN:29,(anonymous_1)
FNF:2
FNH:0
FNDA:0,(anonymous_0)
FNDA:0,(anonymous_1)
DA:4,2
DA:5,2
DA:6,2
DA:7,2
DA:8,2
DA:11,2
DA:12,2
DA:15,2
DA:16,0
DA:17,0
DA:21,0
DA:22,0
DA:24,0
DA:29,2
DA:30,0
DA:31,0
DA:34,0
DA:35,0
DA:38,0
DA:44,0
DA:52,0
DA:54,0
DA:55,0
DA:59,2
LF:24
LH:10
BRDA:21,0,0,0
BRDA:21,0,1,0
BRDA:35,1,0,0
BRDA:35,1,1,0
BRF:4
BRH:0
end_of_record
TN:
SF:routes\kyc.js
FN:29,(anonymous_0)
FN:39,(anonymous_1)
FN:40,(anonymous_2)
FN:49,(anonymous_3)
FN:64,(anonymous_4)
FN:84,generateKYCLink
FN:108,(anonymous_6)
FN:146,(anonymous_7)
FN:149,(anonymous_8)
FN:207,(anonymous_9)
FN:274,(anonymous_10)
FNF:11
FNH:0
FNDA:0,(anonymous_0)
FNDA:0,(anonymous_1)
FNDA:0,(anonymous_2)
FNDA:0,(anonymous_3)
FNDA:0,(anonymous_4)
FNDA:0,generateKYCLink
FNDA:0,(anonymous_6)
FNDA:0,(anonymous_7)
FNDA:0,(anonymous_8)
FNDA:0,(anonymous_9)
FNDA:0,(anonymous_10)
DA:2,2
DA:3,2
DA:4,2
DA:5,2
DA:6,2
DA:7,2
DA:8,2
DA:9,2
DA:10,2
DA:11,2
DA:14,2
DA:15,0
DA:17,2
DA:25,2
DA:26,2
DA:30,0
DA:31,0
DA:33,0
DA:39,2
DA:40,0
DA:41,0
DA:50,0
DA:51,0
DA:54,0
DA:60,2
DA:61,0
DA:64,2
DA:65,0
DA:66,0
DA:69,0
DA:71,0
DA:72,0
DA:77,0
DA:79,0
DA:85,0
DA:88,0
DA:89,0
DA:90,0
DA:94,0
DA:97,0
DA:98,0
DA:104,0
DA:108,2
DA:109,0
DA:112,0
DA:114,0
DA:146,2
DA:147,0
DA:149,0
DA:150,0
DA:151,0
DA:152,0
DA:162,0
DA:163,0
DA:166,0
DA:170,0
DA:171,0
DA:175,0
DA:176,0
DA:178,0
DA:179,0
DA:181,0
DA:182,0
DA:186,0
DA:187,0
DA:188,0
DA:189,0
DA:192,0
DA:206,0
DA:207,0
DA:208,0
DA:209,0
DA:210,0
DA:213,0
DA:214,0
DA:215,0
DA:217,0
DA:222,0
DA:232,0
DA:237,0
DA:238,0
DA:241,0
DA:243,0
DA:245,0
DA:248,0
DA:251,0
DA:253,0
DA:258,0
DA:267,0
DA:268,0
DA:274,2
DA:275,0
DA:278,2
LF:93
LH:21
BRDA:14,0,0,0
BRDA:14,0,1,2
BRDA:19,1,0,2
BRDA:19,1,1,2
BRDA:20,2,0,2
BRDA:20,2,1,2
BRDA:30,3,0,0
BRDA:30,3,1,0
BRDA:30,4,0,0
BRDA:30,4,1,0
BRDA:46,5,0,0
BRDA:46,5,1,0
BRDA:47,6,0,0
BRDA:47,6,1,0
BRDA:50,7,0,0
BRDA:50,7,1,0
BRDA:60,8,0,0
BRDA:60,8,1,2
BRDA:60,9,0,2
BRDA:60,9,1,0
BRDA:65,10,0,0
BRDA:65,10,1,0
BRDA:69,11,0,0
BRDA:69,11,1,0
BRDA:84,12,0,0
BRDA:89,13,0,0
BRDA:89,13,1,0
BRDA:94,14,0,0
BRDA:94,14,1,0
BRDA:97,15,0,0
BRDA:97,15,1,0
BRDA:112,16,0,0
BRDA:112,16,1,0
BRDA:150,17,0,0
BRDA:150,17,1,0
BRDA:170,18,0,0
BRDA:170,18,1,0
BRDA:178,19,0,0
BRDA:178,19,1,0
BRDA:181,20,0,0
BRDA:181,20,1,0
BRDA:206,21,0,0
BRDA:206,21,1,0
BRDA:213,22,0,0
BRDA:213,22,1,0
BRDA:241,23,0,0
BRDA:241,23,1,0
BRDA:243,24,0,0
BRDA:243,24,1,0
BRDA:245,25,0,0
BRDA:245,25,1,0
BRF:51
BRH:7
end_of_record
TN:
SF:routes\link.js
FN:9,(anonymous_0)
FN:14,(anonymous_1)
FN:31,(anonymous_2)
FN:32,(anonymous_3)
FN:33,(anonymous_4)
FN:76,(anonymous_5)
FN:88,(anonymous_6)
FN:104,(anonymous_7)
FN:215,(anonymous_8)
FNF:9
FNH:1
FNDA:2,(anonymous_0)
FNDA:0,(anonymous_1)
FNDA:0,(anonymous_2)
FNDA:0,(anonymous_3)
FNDA:0,(anonymous_4)
FNDA:0,(anonymous_5)
FNDA:0,(anonymous_6)
FNDA:0,(anonymous_7)
FNDA:0,(anonymous_8)
DA:3,2
DA:4,2
DA:5,2
DA:6,2
DA:7,2
DA:9,2
DA:14,2
DA:15,0
DA:16,0
DA:19,0
DA:28,0
DA:31,0
DA:32,0
DA:33,0
DA:36,0
DA:37,0
DA:38,0
DA:39,0
DA:41,0
DA:42,0
DA:43,0
DA:44,0
DA:46,0
DA:47,0
DA:48,0
DA:50,0
DA:55,0
DA:56,0
DA:57,0
DA:58,0
DA:59,0
DA:64,0
DA:65,0
DA:66,0
DA:67,0
DA:68,0
DA:70,0
DA:71,0
DA:72,0
DA:73,0
DA:75,0
DA:76,0
DA:77,0
DA:79,0
DA:82,0
DA:83,0
DA:84,0
DA:85,0
DA:87,0
DA:88,0
DA:89,0
DA:91,0
DA:95,0
DA:102,0
DA:103,0
DA:104,0
DA:105,0
DA:109,0
DA:110,0
DA:111,0
DA:114,0
DA:207,0
DA:208,0
DA:215,2
DA:216,0
DA:217,0
DA:218,0
DA:219,0
DA:221,0
DA:224,0
DA:225,0
DA:226,0
DA:229,0
DA:230,0
DA:233,0
DA:234,0
DA:235,0
DA:237,0
DA:238,0
DA:240,0
DA:245,0
DA:246,0
DA:250,0
DA:251,0
DA:253,0
DA:254,0
DA:263,0
DA:265,0
DA:271,0
DA:275,0
DA:307,0
DA:310,0
DA:315,0
DA:316,0
DA:319,0
DA:338,0
DA:346,0
DA:349,0
DA:350,0
DA:354,2
LF:100
LH:9
BRDA:28,0,0,0
BRDA:28,0,1,0
BRDA:31,1,0,0
BRDA:31,1,1,0
BRDA:32,2,0,0
BRDA:32,2,1,0
BRDA:33,3,0,0
BRDA:33,3,1,0
BRDA:33,4,0,0
BRDA:33,4,1,0
BRDA:41,5,0,0
BRDA:41,5,1,0
BRDA:46,6,0,0
BRDA:46,6,1,0
BRDA:47,7,0,0
BRDA:47,7,1,0
BRDA:48,8,0,0
BRDA:48,8,1,0
BRDA:55,9,0,0
BRDA:55,9,1,0
BRDA:64,10,0,0
BRDA:64,10,1,0
BRDA:70,11,0,0
BRDA:70,11,1,0
BRDA:70,12,0,0
BRDA:70,12,1,0
BRDA:75,13,0,0
BRDA:75,13,1,0
BRDA:82,14,0,0
BRDA:82,14,1,0
BRDA:82,15,0,0
BRDA:82,15,1,0
BRDA:87,16,0,0
BRDA:87,16,1,0
BRDA:102,17,0,0
BRDA:102,17,1,0
BRDA:221,18,0,0
BRDA:221,18,1,0
BRDA:225,19,0,0
BRDA:225,19,1,0
BRDA:225,20,0,0
BRDA:225,20,1,0
BRDA:226,21,0,0
BRDA:226,21,1,0
BRDA:229,22,0,0
BRDA:229,22,1,0
BRDA:233,23,0,0
BRDA:233,23,1,0
BRDA:234,24,0,0
BRDA:234,24,1,0
BRDA:250,25,0,0
BRDA:250,25,1,0
BRDA:251,26,0,0
BRDA:251,26,1,0
BRDA:253,27,0,0
BRDA:253,27,1,0
BRDA:263,28,0,0
BRDA:263,28,1,0
BRDA:329,29,0,0
BRDA:329,29,1,0
BRF:60
BRH:0
end_of_record
TN:
SF:routes\mandates.js
FN:12,isValidSAID
FN:31,getNextCollectionDate
FN:61,(anonymous_2)
FN:173,(anonymous_3)
FNF:4
FNH:0
FNDA:0,isValidSAID
FNDA:0,getNextCollectionDate
FNDA:0,(anonymous_2)
FNDA:0,(anonymous_3)
DA:2,2
DA:3,2
DA:4,2
DA:5,2
DA:6,2
DA:7,2
DA:13,0
DA:14,0
DA:15,0
DA:16,0
DA:17,0
DA:18,0
DA:19,0
DA:20,0
DA:22,0
DA:23,0
DA:25,0
DA:32,0
DA:33,0
DA:34,0
DA:35,0
DA:40,0
DA:44,0
DA:45,0
DA:48,0
DA:49,0
DA:50,0
DA:53,0
DA:54,0
DA:55,0
DA:61,2
DA:62,0
DA:64,0
DA:65,0
DA:68,0
DA:173,2
DA:175,0
DA:177,0
DA:178,0
DA:180,0
DA:182,0
DA:183,0
DA:190,0
DA:191,0
DA:200,0
DA:201,0
DA:202,0
DA:203,0
DA:204,0
DA:205,0
DA:208,0
DA:210,0
DA:214,0
DA:216,0
DA:219,0
DA:220,0
DA:221,0
DA:223,0
DA:226,0
DA:250,0
DA:255,0
DA:258,0
DA:266,0
DA:267,0
DA:269,0
DA:279,0
DA:283,0
DA:284,0
DA:288,2
LF:69
LH:9
BRDA:13,0,0,0
BRDA:13,0,1,0
BRDA:18,1,0,0
BRDA:18,1,1,0
BRDA:20,2,0,0
BRDA:20,2,1,0
BRDA:40,3,0,0
BRDA:40,3,1,0
BRDA:44,4,0,0
BRDA:44,4,1,0
BRDA:48,5,0,0
BRDA:48,5,1,0
BRDA:64,6,0,0
BRDA:64,6,1,0
BRDA:64,7,0,0
BRDA:64,7,1,0
BRDA:91,8,0,0
BRDA:91,8,1,0
BRDA:182,9,0,0
BRDA:182,9,1,0
BRDA:182,10,0,0
BRDA:182,10,1,0
BRDA:190,11,0,0
BRDA:190,11,1,0
BRDA:190,12,0,0
BRDA:190,12,1,0
BRDA:190,12,2,0
BRDA:202,13,0,0
BRDA:202,13,1,0
BRDA:202,14,0,0
BRDA:202,14,1,0
BRDA:204,15,0,0
BRDA:204,15,1,0
BRDA:214,16,0,0
BRDA:214,16,1,0
BRDA:216,17,0,0
BRDA:216,17,1,0
BRDA:223,18,0,0
BRDA:223,18,1,0
BRDA:229,19,0,0
BRDA:229,19,1,0
BRDA:231,20,0,0
BRDA:231,20,1,0
BRDA:255,21,0,0
BRDA:255,21,1,0
BRF:45
BRH:0
end_of_record
TN:
SF:routes\paymentRoutes.js
FN:20,(anonymous_0)
FN:48,(anonymous_1)
FN:78,(anonymous_2)
FN:190,(anonymous_3)
FN:280,(anonymous_4)
FN:321,(anonymous_5)
FN:334,(anonymous_6)
FN:352,(anonymous_7)
FNF:8
FNH:0
FNDA:0,(anonymous_0)
FNDA:0,(anonymous_1)
FNDA:0,(anonymous_2)
FNDA:0,(anonymous_3)
FNDA:0,(anonymous_4)
FNDA:0,(anonymous_5)
FNDA:0,(anonymous_6)
FNDA:0,(anonymous_7)
DA:2,2
DA:3,2
DA:4,2
DA:5,2
DA:8,2
DA:12,2
DA:13,0
DA:17,2
DA:20,2
DA:21,0
DA:22,0
DA:23,0
DA:24,0
DA:28,2
DA:48,2
DA:78,2
DA:79,0
DA:80,0
DA:85,0
DA:86,0
DA:91,0
DA:93,0
DA:95,0
DA:97,0
DA:135,0
DA:136,0
DA:141,0
DA:143,0
DA:144,0
DA:146,0
DA:182,0
DA:185,0
DA:190,2
DA:191,0
DA:192,0
DA:193,0
DA:201,0
DA:202,0
DA:206,0
DA:208,0
DA:209,0
DA:210,0
DA:211,0
DA:212,0
DA:213,0
DA:218,0
DA:219,0
DA:223,0
DA:225,0
DA:226,0
DA:227,0
DA:228,0
DA:231,0
DA:232,0
DA:234,0
DA:238,0
DA:241,0
DA:258,0
DA:266,0
DA:269,0
DA:272,0
DA:273,0
DA:280,2
DA:281,0
DA:283,0
DA:284,0
DA:287,0
DA:288,0
DA:291,0
DA:295,0
DA:300,0
DA:301,0
DA:303,0
DA:311,0
DA:313,0
DA:314,0
DA:321,2
DA:322,0
DA:334,2
DA:335,0
DA:336,0
DA:337,0
DA:339,0
DA:340,0
DA:341,0
DA:342,0
DA:343,0
DA:344,0
DA:348,0
DA:349,0
DA:352,2
DA:353,0
DA:354,0
DA:356,0
DA:357,0
DA:361,0
DA:362,0
DA:363,0
DA:364,0
DA:365,0
DA:366,0
DA:367,0
DA:371,0
DA:372,0
DA:375,2
LF:105
LH:17
BRDA:12,0,0,0
BRDA:12,0,1,2
BRDA:12,1,0,2
BRDA:12,1,1,0
BRDA:21,2,0,0
BRDA:21,2,1,0
BRDA:23,3,0,0
BRDA:23,3,1,0
BRDA:48,4,0,0
BRDA:57,5,0,0
BRDA:57,5,1,0
BRDA:85,6,0,0
BRDA:85,6,1,0
BRDA:91,7,0,0
BRDA:91,7,1,0
BRDA:95,8,0,0
BRDA:95,8,1,0
BRDA:135,9,0,0
BRDA:135,9,1,0
BRDA:135,10,0,0
BRDA:135,10,1,0
BRDA:141,11,0,0
BRDA:141,11,1,0
BRDA:141,12,0,0
BRDA:141,12,1,0
BRDA:144,13,0,0
BRDA:144,13,1,0
BRDA:144,14,0,0
BRDA:144,14,1,0
BRDA:201,15,0,0
BRDA:201,15,1,0
BRDA:206,16,0,0
BRDA:206,16,1,0
BRDA:218,17,0,0
BRDA:218,17,1,0
BRDA:218,18,0,0
BRDA:218,18,1,0
BRDA:223,19,0,0
BRDA:223,19,1,0
BRDA:223,20,0,0
BRDA:223,20,1,0
BRDA:262,21,0,0
BRDA:262,21,1,0
BRDA:281,22,0,0
BRDA:281,22,1,0
BRDA:281,22,2,0
BRDA:283,23,0,0
BRDA:283,23,1,0
BRDA:291,24,0,0
BRDA:291,24,1,0
BRDA:291,25,0,0
BRDA:291,25,1,0
BRDA:291,25,2,0
BRDA:291,25,3,0
BRDA:300,26,0,0
BRDA:300,26,1,0
BRDA:301,27,0,0
BRDA:301,27,1,0
BRDA:342,28,0,0
BRDA:342,28,1,0
BRDA:342,29,0,0
BRDA:342,29,1,0
BRDA:342,29,2,0
BRDA:342,29,3,0
BRDA:353,30,0,0
BRDA:353,30,1,0
BRDA:354,31,0,0
BRDA:354,31,1,0
BRDA:365,32,0,0
BRDA:365,32,1,0
BRDA:365,33,0,0
BRDA:365,33,1,0
BRDA:365,33,2,0
BRDA:365,33,3,0
BRF:74
BRH:2
end_of_record
TN:
SF:routes\platform.js
FN:29,parseCookies
FN:31,(anonymous_1)
FN:38,isAuthenticated
FN:43,safeDate
FN:49,renderAdminPage
FN:121,(anonymous_5)
FN:126,(anonymous_6)
FN:157,(anonymous_7)
FN:171,(anonymous_8)
FN:202,(anonymous_9)
FN:210,(anonymous_10)
FN:216,(anonymous_11)
FN:217,(anonymous_12)
FN:218,(anonymous_13)
FN:219,(anonymous_14)
FN:248,(anonymous_15)
FN:263,(anonymous_16)
FN:316,(anonymous_17)
FN:345,(anonymous_18)
FN:394,(anonymous_19)
FN:709,(anonymous_20)
FN:729,(anonymous_21)
FN:748,(anonymous_22)
FN:770,(anonymous_23)
FN:775,(anonymous_24)
FN:785,(anonymous_25)
FN:909,(anonymous_26)
FN:923,(anonymous_27)
FN:990,(anonymous_28)
FN:1082,(anonymous_29)
FN:1100,(anonymous_30)
FN:1110,(anonymous_31)
FN:1132,(anonymous_32)
FN:1142,(anonymous_33)
FN:1166,(anonymous_34)
FN:1172,(anonymous_35)
FN:1176,(anonymous_36)
FN:1279,(anonymous_37)
FN:1310,(anonymous_38)
FN:1341,(anonymous_39)
FN:1364,(anonymous_40)
FN:1364,(anonymous_41)
FN:1377,(anonymous_42)
FN:1378,(anonymous_43)
FN:1396,(anonymous_44)
FN:1430,(anonymous_45)
FN:1438,(anonymous_46)
FN:1463,(anonymous_47)
FN:1482,(anonymous_48)
FN:1492,(anonymous_49)
FN:1523,(anonymous_50)
FN:1586,(anonymous_51)
FN:1663,(anonymous_52)
FN:1682,(anonymous_53)
FN:1709,(anonymous_54)
FN:1797,(anonymous_55)
FN:1886,(anonymous_56)
FN:1936,(anonymous_57)
FN:1940,(anonymous_58)
FN:1968,(anonymous_59)
FN:1971,(anonymous_60)
FN:1986,(anonymous_61)
FN:2001,(anonymous_62)
FN:2010,(anonymous_63)
FN:2014,(anonymous_64)
FN:2042,(anonymous_65)
FN:2045,(anonymous_66)
FN:2058,(anonymous_67)
FN:2071,(anonymous_68)
FN:2080,(anonymous_69)
FN:2084,(anonymous_70)
FN:2111,(anonymous_71)
FN:2114,(anonymous_72)
FN:2128,(anonymous_73)
FN:2142,(anonymous_74)
FN:2151,(anonymous_75)
FN:2168,(anonymous_76)
FN:2226,(anonymous_77)
FN:2242,(anonymous_78)
FN:2276,(anonymous_79)
FN:2306,(anonymous_80)
FN:2336,(anonymous_81)
FNF:82
FNH:1
FNDA:0,parseCookies
FNDA:0,(anonymous_1)
FNDA:0,isAuthenticated
FNDA:0,safeDate
FNDA:0,renderAdminPage
FNDA:2,(anonymous_5)
FNDA:0,(anonymous_6)
FNDA:0,(anonymous_7)
FNDA:0,(anonymous_8)
FNDA:0,(anonymous_9)
FNDA:0,(anonymous_10)
FNDA:0,(anonymous_11)
FNDA:0,(anonymous_12)
FNDA:0,(anonymous_13)
FNDA:0,(anonymous_14)
FNDA:0,(anonymous_15)
FNDA:0,(anonymous_16)
FNDA:0,(anonymous_17)
FNDA:0,(anonymous_18)
FNDA:0,(anonymous_19)
FNDA:0,(anonymous_20)
FNDA:0,(anonymous_21)
FNDA:0,(anonymous_22)
FNDA:0,(anonymous_23)
FNDA:0,(anonymous_24)
FNDA:0,(anonymous_25)
FNDA:0,(anonymous_26)
FNDA:0,(anonymous_27)
FNDA:0,(anonymous_28)
FNDA:0,(anonymous_29)
FNDA:0,(anonymous_30)
FNDA:0,(anonymous_31)
FNDA:0,(anonymous_32)
FNDA:0,(anonymous_33)
FNDA:0,(anonymous_34)
FNDA:0,(anonymous_35)
FNDA:0,(anonymous_36)
FNDA:0,(anonymous_37)
FNDA:0,(anonymous_38)
FNDA:0,(anonymous_39)
FNDA:0,(anonymous_40)
FNDA:0,(anonymous_41)
FNDA:0,(anonymous_42)
FNDA:0,(anonymous_43)
FNDA:0,(anonymous_44)
FNDA:0,(anonymous_45)
FNDA:0,(anonymous_46)
FNDA:0,(anonymous_47)
FNDA:0,(anonymous_48)
FNDA:0,(anonymous_49)
FNDA:0,(anonymous_50)
FNDA:0,(anonymous_51)
FNDA:0,(anonymous_52)
FNDA:0,(anonymous_53)
FNDA:0,(anonymous_54)
FNDA:0,(anonymous_55)
FNDA:0,(anonymous_56)
FNDA:0,(anonymous_57)
FNDA:0,(anonymous_58)
FNDA:0,(anonymous_59)
FNDA:0,(anonymous_60)
FNDA:0,(anonymous_61)
FNDA:0,(anonymous_62)
FNDA:0,(anonymous_63)
FNDA:0,(anonymous_64)
FNDA:0,(anonymous_65)
FNDA:0,(anonymous_66)
FNDA:0,(anonymous_67)
FNDA:0,(anonymous_68)
FNDA:0,(anonymous_69)
FNDA:0,(anonymous_70)
FNDA:0,(anonymous_71)
FNDA:0,(anonymous_72)
FNDA:0,(anonymous_73)
FNDA:0,(anonymous_74)
FNDA:0,(anonymous_75)
FNDA:0,(anonymous_76)
FNDA:0,(anonymous_77)
FNDA:0,(anonymous_78)
FNDA:0,(anonymous_79)
FNDA:0,(anonymous_80)
FNDA:0,(anonymous_81)
DA:3,2
DA:5,2
DA:6,2
DA:7,2
DA:8,2
DA:9,2
DA:10,2
DA:11,2
DA:12,2
DA:13,2
DA:14,2
DA:15,2
DA:16,2
DA:17,2
DA:20,2
DA:23,2
DA:24,2
DA:25,2
DA:26,2
DA:30,0
DA:31,0
DA:32,0
DA:33,0
DA:35,0
DA:39,0
DA:40,0
DA:44,0
DA:45,0
DA:50,0
DA:121,2
DA:126,2
DA:127,0
DA:129,0
DA:132,0
DA:134,0
DA:150,0
DA:157,2
DA:158,0
DA:171,2
DA:172,0
DA:175,0
DA:176,0
DA:180,0
DA:181,0
DA:182,0
DA:186,0
DA:193,0
DA:194,0
DA:198,0
DA:199,0
DA:202,2
DA:203,0
DA:204,0
DA:210,2
DA:211,0
DA:213,0
DA:214,0
DA:216,0
DA:217,0
DA:218,0
DA:219,0
DA:221,0
DA:223,0
DA:239,0
DA:241,0
DA:248,2
DA:249,0
DA:250,0
DA:252,0
DA:253,0
DA:263,0
DA:264,0
DA:265,0
DA:266,0
DA:267,0
DA:268,0
DA:270,0
DA:287,0
DA:310,0
DA:312,0
DA:316,2
DA:317,0
DA:318,0
DA:342,0
DA:345,2
DA:347,0
DA:349,0
DA:355,0
DA:358,0
DA:359,0
DA:362,0
DA:387,0
DA:389,0
DA:394,2
DA:395,0
DA:397,0
DA:399,0
DA:403,0
DA:405,0
DA:408,0
DA:409,0
DA:413,0
DA:464,0
DA:700,0
DA:702,0
DA:709,2
DA:710,0
DA:712,0
DA:714,0
DA:715,0
DA:717,0
DA:723,0
DA:725,0
DA:729,2
DA:730,0
DA:731,0
DA:741,0
DA:743,0
DA:748,2
DA:749,0
DA:750,0
DA:752,0
DA:753,0
DA:754,0
DA:757,0
DA:759,0
DA:761,0
DA:762,0
DA:770,2
DA:771,0
DA:773,0
DA:774,0
DA:775,0
DA:777,0
DA:785,0
DA:805,0
DA:903,0
DA:905,0
DA:909,2
DA:910,0
DA:912,0
DA:913,0
DA:921,0
DA:923,0
DA:936,0
DA:984,0
DA:986,0
DA:990,2
DA:991,0
DA:992,0
DA:993,0
DA:994,0
DA:996,0
DA:1076,0
DA:1078,0
DA:1082,2
DA:1083,0
DA:1084,0
DA:1085,0
DA:1094,0
DA:1096,0
DA:1100,2
DA:1101,0
DA:1102,0
DA:1103,0
DA:1104,0
DA:1106,0
DA:1110,2
DA:1111,0
DA:1112,0
DA:1113,0
DA:1126,0
DA:1128,0
DA:1132,2
DA:1133,0
DA:1134,0
DA:1135,0
DA:1136,0
DA:1138,0
DA:1142,2
DA:1143,0
DA:1144,0
DA:1145,0
DA:1147,0
DA:1148,0
DA:1149,0
DA:1151,0
DA:1153,0
DA:1154,0
DA:1156,0
DA:1159,0
DA:1166,2
DA:1167,0
DA:1169,0
DA:1170,0
DA:1172,0
DA:1176,0
DA:1177,0
DA:1178,0
DA:1180,0
DA:1181,0
DA:1182,0
DA:1184,0
DA:1185,0
DA:1186,0
DA:1188,0
DA:1189,0
DA:1190,0
DA:1192,0
DA:1193,0
DA:1194,0
DA:1196,0
DA:1199,0
DA:1223,0
DA:1272,0
DA:1275,0
DA:1279,2
DA:1280,0
DA:1282,0
DA:1284,0
DA:1285,0
DA:1288,0
DA:1294,0
DA:1295,0
DA:1298,0
DA:1299,0
DA:1301,0
DA:1303,0
DA:1305,0
DA:1306,0
DA:1310,2
DA:1311,0
DA:1312,0
DA:1313,0
DA:1314,0
DA:1323,0
DA:1325,0
DA:1334,0
DA:1335,0
DA:1341,2
DA:1342,0
DA:1344,0
DA:1345,0
DA:1346,0
DA:1349,0
DA:1354,0
DA:1355,0
DA:1356,0
DA:1357,0
DA:1362,0
DA:1364,0
DA:1377,0
DA:1378,0
DA:1380,0
DA:1392,0
DA:1393,0
DA:1396,2
DA:1397,0
DA:1398,0
DA:1400,0
DA:1401,0
DA:1404,0
DA:1410,0
DA:1421,0
DA:1423,0
DA:1430,2
DA:1431,0
DA:1432,0
DA:1433,0
DA:1438,0
DA:1447,0
DA:1456,0
DA:1457,0
DA:1463,2
DA:1464,0
DA:1466,0
DA:1467,0
DA:1482,0
DA:1483,0
DA:1484,0
DA:1487,0
DA:1492,0
DA:1493,0
DA:1494,0
DA:1496,0
DA:1523,0
DA:1534,0
DA:1580,0
DA:1582,0
DA:1586,2
DA:1587,0
DA:1589,0
DA:1590,0
DA:1591,0
DA:1592,0
DA:1595,0
DA:1596,0
DA:1599,0
DA:1600,0
DA:1602,0
DA:1604,0
DA:1608,0
DA:1620,0
DA:1632,0
DA:1643,0
DA:1644,0
DA:1647,0
DA:1648,0
DA:1649,0
DA:1650,0
DA:1651,0
DA:1654,0
DA:1656,0
DA:1663,2
DA:1664,0
DA:1666,0
DA:1676,0
DA:1682,2
DA:1683,0
DA:1685,0
DA:1686,0
DA:1692,0
DA:1693,0
DA:1694,0
DA:1695,0
DA:1697,0
DA:1698,0
DA:1700,0
DA:1701,0
DA:1703,0
DA:1709,0
DA:1710,0
DA:1711,0
DA:1713,0
DA:1724,0
DA:1788,0
DA:1790,0
DA:1797,2
DA:1798,0
DA:1800,0
DA:1801,0
DA:1806,0
DA:1808,0
DA:1809,0
DA:1811,0
DA:1880,0
DA:1882,0
DA:1886,2
DA:1887,0
DA:1889,0
DA:1890,0
DA:1892,0
DA:1894,0
DA:1898,0
DA:1906,0
DA:1907,0
DA:1913,0
DA:1927,0
DA:1929,0
DA:1936,2
DA:1937,0
DA:1938,0
DA:1939,0
DA:1940,0
DA:1955,0
DA:1964,0
DA:1965,0
DA:1968,2
DA:1969,0
DA:1970,0
DA:1971,0
DA:1973,0
DA:1983,0
DA:1986,2
DA:1987,0
DA:1988,0
DA:1998,0
DA:2001,2
DA:2002,0
DA:2003,0
DA:2004,0
DA:2010,2
DA:2011,0
DA:2012,0
DA:2013,0
DA:2014,0
DA:2029,0
DA:2038,0
DA:2039,0
DA:2042,2
DA:2043,0
DA:2044,0
DA:2045,0
DA:2047,0
DA:2055,0
DA:2058,2
DA:2059,0
DA:2060,0
DA:2068,0
DA:2071,2
DA:2072,0
DA:2073,0
DA:2074,0
DA:2080,2
DA:2081,0
DA:2082,0
DA:2083,0
DA:2084,0
DA:2098,0
DA:2107,0
DA:2108,0
DA:2111,2
DA:2112,0
DA:2113,0
DA:2114,0
DA:2116,0
DA:2125,0
DA:2128,2
DA:2129,0
DA:2130,0
DA:2139,0
DA:2142,2
DA:2143,0
DA:2144,0
DA:2145,0
DA:2151,2
DA:2152,0
DA:2153,0
DA:2155,0
DA:2156,0
DA:2168,0
DA:2170,0
DA:2171,0
DA:2172,0
DA:2173,0
DA:2176,0
DA:2177,0
DA:2178,0
DA:2179,0
DA:2181,0
DA:2203,0
DA:2221,0
DA:2222,0
DA:2226,2
DA:2227,0
DA:2228,0
DA:2229,0
DA:2233,0
DA:2235,0
DA:2242,2
DA:2243,0
DA:2244,0
DA:2245,0
DA:2247,0
DA:2248,0
DA:2251,0
DA:2252,0
DA:2253,0
DA:2255,0
DA:2266,0
DA:2268,0
DA:2269,0
DA:2276,2
DA:2277,0
DA:2278,0
DA:2279,0
DA:2281,0
DA:2282,0
DA:2285,0
DA:2286,0
DA:2296,0
DA:2298,0
DA:2299,0
DA:2306,2
DA:2307,0
DA:2309,0
DA:2310,0
DA:2312,0
DA:2318,0
DA:2327,0
DA:2329,0
DA:2336,2
DA:2337,0
DA:2339,0
DA:2340,0
DA:2341,0
DA:2342,0
DA:2345,0
DA:2346,0
DA:2349,0
DA:2359,0
DA:2360,0
DA:2362,0
DA:2363,0
DA:2364,0
DA:2365,0
DA:2368,0
DA:2370,0
DA:2371,0
LF:499
LH:70
BRDA:23,0,0,2
BRDA:23,0,1,0
BRDA:24,1,0,2
BRDA:24,1,1,0
BRDA:26,2,0,2
BRDA:26,2,1,0
BRDA:31,3,0,0
BRDA:31,3,1,0
BRDA:44,4,0,0
BRDA:44,4,1,0
BRDA:49,5,0,0
BRDA:113,6,0,0
BRDA:113,6,1,0
BRDA:175,7,0,0
BRDA:175,7,1,0
BRDA:175,8,0,0
BRDA:175,8,1,0
BRDA:181,9,0,0
BRDA:181,9,1,0
BRDA:193,10,0,0
BRDA:193,10,1,0
BRDA:211,11,0,0
BRDA:211,11,1,0
BRDA:221,12,0,0
BRDA:221,12,1,0
BRDA:249,13,0,0
BRDA:249,13,1,0
BRDA:250,14,0,0
BRDA:250,14,1,0
BRDA:265,15,0,0
BRDA:265,15,1,0
BRDA:266,16,0,0
BRDA:266,16,1,0
BRDA:267,17,0,0
BRDA:267,17,1,0
BRDA:268,18,0,0
BRDA:268,18,1,0
BRDA:274,19,0,0
BRDA:274,19,1,0
BRDA:276,20,0,0
BRDA:276,20,1,0
BRDA:278,21,0,0
BRDA:278,21,1,0
BRDA:306,22,0,0
BRDA:306,22,1,0
BRDA:317,23,0,0
BRDA:317,23,1,0
BRDA:347,24,0,0
BRDA:347,24,1,0
BRDA:370,25,0,0
BRDA:370,25,1,0
BRDA:371,26,0,0
BRDA:371,26,1,0
BRDA:372,27,0,0
BRDA:372,27,1,0
BRDA:377,28,0,0
BRDA:377,28,1,0
BRDA:378,29,0,0
BRDA:378,29,1,0
BRDA:379,30,0,0
BRDA:379,30,1,0
BRDA:380,31,0,0
BRDA:380,31,1,0
BRDA:381,32,0,0
BRDA:381,32,1,0
BRDA:395,33,0,0
BRDA:395,33,1,0
BRDA:403,34,0,0
BRDA:403,34,1,0
BRDA:408,35,0,0
BRDA:408,35,1,0
BRDA:409,36,0,0
BRDA:409,36,1,0
BRDA:425,37,0,0
BRDA:425,37,1,0
BRDA:429,38,0,0
BRDA:429,38,1,0
BRDA:433,39,0,0
BRDA:433,39,1,0
BRDA:437,40,0,0
BRDA:437,40,1,0
BRDA:441,41,0,0
BRDA:441,41,1,0
BRDA:448,42,0,0
BRDA:448,42,1,0
BRDA:497,43,0,0
BRDA:497,43,1,0
BRDA:710,44,0,0
BRDA:710,44,1,0
BRDA:715,45,0,0
BRDA:715,45,1,0
BRDA:749,46,0,0
BRDA:749,46,1,0
BRDA:750,47,0,0
BRDA:750,47,1,0
BRDA:771,48,0,0
BRDA:771,48,1,0
BRDA:789,49,0,0
BRDA:789,49,1,0
BRDA:791,50,0,0
BRDA:791,50,1,0
BRDA:794,51,0,0
BRDA:794,51,1,0
BRDA:851,52,0,0
BRDA:851,52,1,0
BRDA:910,53,0,0
BRDA:910,53,1,0
BRDA:921,54,0,0
BRDA:921,54,1,0
BRDA:950,55,0,0
BRDA:950,55,1,0
BRDA:961,56,0,0
BRDA:961,56,1,0
BRDA:962,57,0,0
BRDA:962,57,1,0
BRDA:963,58,0,0
BRDA:963,58,1,0
BRDA:978,59,0,0
BRDA:978,59,1,0
BRDA:991,60,0,0
BRDA:991,60,1,0
BRDA:994,61,0,0
BRDA:994,61,1,0
BRDA:1021,62,0,0
BRDA:1021,62,1,0
BRDA:1021,62,2,0
BRDA:1028,63,0,0
BRDA:1028,63,1,0
BRDA:1032,64,0,0
BRDA:1032,64,1,0
BRDA:1042,65,0,0
BRDA:1042,65,1,0
BRDA:1043,66,0,0
BRDA:1043,66,1,0
BRDA:1044,67,0,0
BRDA:1044,67,1,0
BRDA:1045,68,0,0
BRDA:1045,68,1,0
BRDA:1046,69,0,0
BRDA:1046,69,1,0
BRDA:1051,70,0,0
BRDA:1051,70,1,0
BRDA:1083,71,0,0
BRDA:1083,71,1,0
BRDA:1101,72,0,0
BRDA:1101,72,1,0
BRDA:1111,73,0,0
BRDA:1111,73,1,0
BRDA:1133,74,0,0
BRDA:1133,74,1,0
BRDA:1144,75,0,0
BRDA:1144,75,1,0
BRDA:1145,76,0,0
BRDA:1145,76,1,0
BRDA:1153,77,0,0
BRDA:1153,77,1,0
BRDA:1167,78,0,0
BRDA:1167,78,1,0
BRDA:1172,79,0,0
BRDA:1172,79,1,0
BRDA:1180,80,0,0
BRDA:1180,80,1,0
BRDA:1184,81,0,0
BRDA:1184,81,1,0
BRDA:1188,82,0,0
BRDA:1188,82,1,0
BRDA:1192,83,0,0
BRDA:1192,83,1,0
BRDA:1196,84,0,0
BRDA:1196,84,1,0
BRDA:1203,85,0,0
BRDA:1203,85,1,0
BRDA:1203,85,2,0
BRDA:1235,86,0,0
BRDA:1235,86,1,0
BRDA:1280,87,0,0
BRDA:1280,87,1,0
BRDA:1299,88,0,0
BRDA:1299,88,1,0
BRDA:1311,89,0,0
BRDA:1311,89,1,0
BRDA:1316,90,0,0
BRDA:1316,90,1,0
BRDA:1317,91,0,0
BRDA:1317,91,1,0
BRDA:1317,91,2,0
BRDA:1318,92,0,0
BRDA:1318,92,1,0
BRDA:1318,92,2,0
BRDA:1319,93,0,0
BRDA:1319,93,1,0
BRDA:1320,94,0,0
BRDA:1320,94,1,0
BRDA:1321,95,0,0
BRDA:1321,95,1,0
BRDA:1342,96,0,0
BRDA:1342,96,1,0
BRDA:1356,97,0,0
BRDA:1356,97,1,0
BRDA:1377,98,0,0
BRDA:1377,98,1,0
BRDA:1378,99,0,0
BRDA:1378,99,1,0
BRDA:1397,100,0,0
BRDA:1397,100,1,0
BRDA:1401,101,0,0
BRDA:1401,101,1,0
BRDA:1431,102,0,0
BRDA:1431,102,1,0
BRDA:1443,103,0,0
BRDA:1443,103,1,0
BRDA:1452,104,0,0
BRDA:1452,104,1,0
BRDA:1464,105,0,0
BRDA:1464,105,1,0
BRDA:1493,106,0,0
BRDA:1493,106,1,0
BRDA:1494,107,0,0
BRDA:1494,107,1,0
BRDA:1499,108,0,0
BRDA:1499,108,1,0
BRDA:1500,109,0,0
BRDA:1500,109,1,0
BRDA:1500,110,0,0
BRDA:1500,110,1,0
BRDA:1504,111,0,0
BRDA:1504,111,1,0
BRDA:1505,112,0,0
BRDA:1505,112,1,0
BRDA:1506,113,0,0
BRDA:1506,113,1,0
BRDA:1555,114,0,0
BRDA:1555,114,1,0
BRDA:1574,115,0,0
BRDA:1574,115,1,0
BRDA:1587,116,0,0
BRDA:1587,116,1,0
BRDA:1596,117,0,0
BRDA:1596,117,1,0
BRDA:1602,118,0,0
BRDA:1602,118,1,0
BRDA:1613,119,0,0
BRDA:1613,119,1,0
BRDA:1643,120,0,0
BRDA:1643,120,1,0
BRDA:1647,121,0,0
BRDA:1647,121,1,0
BRDA:1649,122,0,0
BRDA:1649,122,1,0
BRDA:1664,123,0,0
BRDA:1664,123,1,0
BRDA:1683,124,0,0
BRDA:1683,124,1,0
BRDA:1692,125,0,0
BRDA:1692,125,1,0
BRDA:1693,126,0,0
BRDA:1693,126,1,0
BRDA:1710,127,0,0
BRDA:1710,127,1,0
BRDA:1710,128,0,0
BRDA:1710,128,1,0
BRDA:1710,129,0,0
BRDA:1710,129,1,0
BRDA:1711,130,0,0
BRDA:1711,130,1,0
BRDA:1782,131,0,0
BRDA:1782,131,1,0
BRDA:1798,132,0,0
BRDA:1798,132,1,0
BRDA:1806,133,0,0
BRDA:1806,133,1,0
BRDA:1806,134,0,0
BRDA:1806,134,1,0
BRDA:1825,135,0,0
BRDA:1825,135,1,0
BRDA:1830,136,0,0
BRDA:1830,136,1,0
BRDA:1831,137,0,0
BRDA:1831,137,1,0
BRDA:1835,138,0,0
BRDA:1835,138,1,0
BRDA:1835,139,0,0
BRDA:1835,139,1,0
BRDA:1844,140,0,0
BRDA:1844,140,1,0
BRDA:1844,141,0,0
BRDA:1844,141,1,0
BRDA:1848,142,0,0
BRDA:1848,142,1,0
BRDA:1848,143,0,0
BRDA:1848,143,1,0
BRDA:1852,144,0,0
BRDA:1852,144,1,0
BRDA:1855,145,0,0
BRDA:1855,145,1,0
BRDA:1887,146,0,0
BRDA:1887,146,1,0
BRDA:1894,147,0,0
BRDA:1894,147,1,0
BRDA:1906,148,0,0
BRDA:1906,148,1,0
BRDA:1916,149,0,0
BRDA:1916,149,1,0
BRDA:1937,150,0,0
BRDA:1937,150,1,0
BRDA:1944,151,0,0
BRDA:1944,151,1,0
BRDA:1969,152,0,0
BRDA:1969,152,1,0
BRDA:1987,153,0,0
BRDA:1987,153,1,0
BRDA:2002,154,0,0
BRDA:2002,154,1,0
BRDA:2011,155,0,0
BRDA:2011,155,1,0
BRDA:2017,156,0,0
BRDA:2017,156,1,0
BRDA:2043,157,0,0
BRDA:2043,157,1,0
BRDA:2059,158,0,0
BRDA:2059,158,1,0
BRDA:2072,159,0,0
BRDA:2072,159,1,0
BRDA:2081,160,0,0
BRDA:2081,160,1,0
BRDA:2087,161,0,0
BRDA:2087,161,1,0
BRDA:2112,162,0,0
BRDA:2112,162,1,0
BRDA:2129,163,0,0
BRDA:2129,163,1,0
BRDA:2143,164,0,0
BRDA:2143,164,1,0
BRDA:2152,165,0,0
BRDA:2152,165,1,0
BRDA:2153,166,0,0
BRDA:2153,166,1,0
BRDA:2171,167,0,0
BRDA:2171,167,1,0
BRDA:2172,168,0,0
BRDA:2172,168,1,0
BRDA:2173,169,0,0
BRDA:2173,169,1,0
BRDA:2173,170,0,0
BRDA:2173,170,1,0
BRDA:2173,170,2,0
BRDA:2177,171,0,0
BRDA:2177,171,1,0
BRDA:2177,172,0,0
BRDA:2177,172,1,0
BRDA:2178,173,0,0
BRDA:2178,173,1,0
BRDA:2179,174,0,0
BRDA:2179,174,1,0
BRDA:2184,175,0,0
BRDA:2184,175,1,0
BRDA:2184,176,0,0
BRDA:2184,176,1,0
BRDA:2191,177,0,0
BRDA:2191,177,1,0
BRDA:2218,178,0,0
BRDA:2218,178,1,0
BRDA:2227,179,0,0
BRDA:2227,179,1,0
BRDA:2245,180,0,0
BRDA:2245,180,1,0
BRDA:2245,181,0,0
BRDA:2245,181,1,0
BRDA:2248,182,0,0
BRDA:2248,182,1,0
BRDA:2251,183,0,0
BRDA:2251,183,1,0
BRDA:2251,184,0,0
BRDA:2251,184,1,0
BRDA:2258,185,0,0
BRDA:2258,185,1,0
BRDA:2259,186,0,0
BRDA:2259,186,1,0
BRDA:2279,187,0,0
BRDA:2279,187,1,0
BRDA:2279,188,0,0
BRDA:2279,188,1,0
BRDA:2279,188,2,0
BRDA:2282,189,0,0
BRDA:2282,189,1,0
BRDA:2289,190,0,0
BRDA:2289,190,1,0
BRDA:2291,191,0,0
BRDA:2291,191,1,0
BRDA:2307,192,0,0
BRDA:2307,192,1,0
BRDA:2337,193,0,0
BRDA:2337,193,1,0
BRDA:2342,194,0,0
BRDA:2342,194,1,0
BRDA:2362,195,0,0
[...]
DA:39,0
DA:47,0
DA:48,0
DA:51,0
DA:52,0
DA:56,0
DA:57,0
DA:60,0
DA:61,0
DA:70,0
DA:71,0
DA:74,0
DA:78,0
DA:83,0
DA:96,0
DA:100,0
DA:104,0
DA:105,0
DA:107,0
DA:110,0
DA:111,0
DA:114,0
DA:118,0
DA:119,0
DA:120,0
DA:121,0
DA:125,0
DA:126,0
DA:127,0
DA:128,0
DA:132,0
DA:136,0
DA:137,0
DA:138,0
DA:139,0
DA:140,0
DA:141,0
DA:142,0
DA:144,0
DA:145,0
DA:146,0
DA:151,0
DA:156,0
DA:158,0
DA:160,0
DA:177,0
DA:178,0
DA:179,0
DA:180,0
DA:182,0
DA:186,0
DA:187,0
DA:197,0
DA:198,0
DA:199,0
DA:202,0
DA:203,0
DA:212,0
DA:213,0
DA:216,0
DA:220,0
DA:225,0
DA:236,0
DA:240,0
DA:241,0
DA:243,0
DA:246,0
DA:247,0
DA:250,0
DA:251,0
DA:256,2
LF:87
LH:10
BRDA:20,0,0,0
BRDA:20,0,1,2
BRDA:20,1,0,2
BRDA:20,1,1,0
BRDA:25,2,0,0
BRDA:25,2,1,0
BRDA:29,3,0,0
BRDA:29,3,1,0
BRDA:30,4,0,0
BRDA:30,4,1,0
BRDA:56,5,0,0
BRDA:56,5,1,0
BRDA:65,6,0,0
BRDA:65,6,1,0
BRDA:66,7,0,0
BRDA:66,7,1,0
BRDA:67,8,0,0
BRDA:67,8,1,0
BRDA:70,9,0,0
BRDA:70,9,1,0
BRDA:118,10,0,0
BRDA:118,10,1,0
BRDA:126,11,0,0
BRDA:126,11,1,0
BRDA:126,12,0,0
BRDA:126,12,1,0
BRDA:136,13,0,0
BRDA:136,13,1,0
BRDA:137,14,0,0
BRDA:137,14,1,0
BRDA:139,15,0,0
BRDA:139,15,1,0
BRDA:140,16,0,0
BRDA:140,16,1,0
BRDA:144,17,0,0
BRDA:144,17,1,0
BRDA:144,18,0,0
BRDA:144,18,1,0
BRDA:156,19,0,0
BRDA:156,19,1,0
BRDA:158,20,0,0
BRDA:158,20,1,0
BRDA:177,21,0,0
BRDA:177,21,1,0
BRDA:179,22,0,0
BRDA:179,22,1,0
BRDA:207,23,0,0
BRDA:207,23,1,0
BRDA:208,24,0,0
BRDA:208,24,1,0
BRDA:209,25,0,0
BRDA:209,25,1,0
BRDA:212,26,0,0
BRDA:212,26,1,0
BRDA:250,27,0,0
BRDA:250,27,1,0
BRF:56
BRH:2
end_of_record
TN:
SF:services\aiSupport.js
FN:5,getAISupportReply
FNF:1
FNH:0
FNDA:0,getAISupportReply
DA:2,2
DA:3,2
DA:6,0
DA:7,0
DA:13,0
DA:14,0
DA:19,0
DA:20,0
DA:23,0
DA:25,0
DA:29,2
LF:11
LH:3
BRDA:5,0,0,0
BRF:1
BRH:0
end_of_record
TN:
SF:services\audit.js
FN:18,logAction
FNF:1
FNH:0
FNDA:0,logAction
DA:4,2
DA:5,2
DA:19,0
DA:20,0
DA:32,0
DA:34,0
DA:40,2
LF:7
LH:3
BRDA:23,0,0,0
BRDA:23,0,1,0
BRDA:27,1,0,0
BRDA:27,1,1,0
BRDA:28,2,0,0
BRDA:28,2,1,0
BRF:6
BRH:0
end_of_record
TN:
SF:services\batchCron.js
FN:17,getNextActionDate
FN:28,(anonymous_1)
FN:32,(anonymous_2)
FNF:3
FNH:0
FNDA:0,getNextActionDate
FNDA:0,(anonymous_1)
FNDA:0,(anonymous_2)
DA:2,2
DA:3,2
DA:4,2
DA:5,2
DA:6,2
DA:7,2
DA:8,2
DA:11,2
DA:14,2
DA:18,0
DA:19,0
DA:20,0
DA:21,0
DA:22,0
DA:23,0
DA:25,0
DA:28,2
DA:29,0
DA:32,0
DA:33,0
DA:35,0
DA:37,0
DA:42,0
DA:43,0
DA:44,0
DA:47,0
DA:50,0
DA:51,0
DA:52,0
DA:53,0
DA:56,0
DA:59,0
DA:60,0
DA:62,0
DA:65,0
DA:69,0
DA:77,0
DA:79,0
DA:80,0
DA:83,0
DA:88,0
DA:89,0
DA:92,0
DA:93,0
DA:101,0
DA:111,0
DA:122,0
DA:124,0
DA:127,0
DA:135,2
LF:50
LH:11
BRDA:11,0,0,2
BRDA:11,0,1,1
BRDA:21,1,0,0
BRDA:21,1,1,0
BRDA:42,2,0,0
BRDA:42,2,1,0
BRDA:62,3,0,0
BRDA:62,3,1,0
BRDA:62,3,2,0
BRDA:112,4,0,0
BRDA:112,4,1,0
BRDA:113,5,0,0
BRDA:113,5,1,0
BRF:13
BRH:2
end_of_record
TN:
SF:services\billingCron.js
FN:10,(anonymous_0)
FN:10,(anonymous_1)
FN:12,(anonymous_2)
FN:16,(anonymous_3)
FNF:4
FNH:0
FNDA:0,(anonymous_0)
FNDA:0,(anonymous_1)
FNDA:0,(anonymous_2)
FNDA:0,(anonymous_3)
DA:2,2
DA:3,2
DA:4,2
DA:5,2
DA:6,2
DA:7,2
DA:10,2
DA:12,2
DA:13,0
DA:16,0
DA:17,0
DA:19,0
DA:21,0
DA:25,0
DA:26,0
DA:27,0
DA:30,0
DA:31,0
DA:33,0
DA:34,0
DA:36,0
DA:37,0
DA:41,0
DA:44,0
DA:47,0
DA:48,0
DA:51,0
DA:53,0
DA:55,0
DA:57,0
DA:60,0
DA:65,0
DA:69,0
DA:72,0
DA:76,0
DA:79,0
DA:87,2
LF:37
LH:9
BRDA:25,0,0,0
BRDA:25,0,1,0
BRDA:37,1,0,0
BRDA:37,1,1,0
BRDA:48,2,0,0
BRDA:48,2,1,0
BRDA:53,3,0,0
BRDA:53,3,1,0
BRF:8
BRH:0
end_of_record
TN:
SF:services\cardGenerator.js
FN:6,generatePolicyCard
FN:106,(anonymous_1)
FN:113,(anonymous_2)
FNF:3
FNH:0
FNDA:0,generatePolicyCard
FNDA:0,(anonymous_1)
FNDA:0,(anonymous_2)
DA:2,2
DA:3,2
DA:4,2
DA:7,0
DA:8,0
DA:11,0
DA:12,0
DA:15,0
DA:16,0
DA:19,0
DA:20,0
DA:23,0
DA:24,0
DA:25,0
DA:28,0
DA:29,0
DA:30,0
DA:33,0
DA:34,0
DA:37,0
DA:38,0
DA:39,0
DA:40,0
DA:41,0
DA:42,0
DA:43,0
DA:46,0
DA:47,0
DA:48,0
DA:51,0
DA:52,0
DA:54,0
DA:55,0
DA:57,0
DA:58,0
DA:61,0
DA:62,0
DA:63,0
DA:66,0
DA:68,0
DA:69,0
DA:71,0
DA:78,0
DA:81,0
DA:82,0
DA:85,0
DA:88,0
DA:89,0
DA:90,0
DA:91,0
DA:92,0
DA:94,0
DA:98,0
DA:99,0
DA:100,0
DA:103,0
DA:106,0
DA:107,0
DA:114,0
DA:115,0
DA:116,0
DA:118,0
DA:119,0
DA:123,0
DA:127,0
DA:128,0
DA:132,2
LF:67
LH:4
BRDA:25,0,0,0
BRDA:25,0,1,0
BRDA:48,1,0,0
BRDA:48,1,1,0
BRDA:51,2,0,0
BRDA:51,2,1,0
BRDA:54,3,0,0
BRDA:54,3,1,0
BRDA:57,4,0,0
BRDA:57,4,1,0
BRDA:62,5,0,0
BRDA:62,5,1,0
BRDA:63,6,0,0
BRDA:63,6,1,0
BRDA:68,7,0,0
BRDA:68,7,1,0
BRDA:69,8,0,0
BRDA:69,8,1,0
BRDA:114,9,0,0
BRDA:114,9,1,0
BRF:20
BRH:0
end_of_record
TN:
SF:services\courseCron.js
FN:12,(anonymous_0)
FN:39,(anonymous_1)
FN:45,(anonymous_2)
FN:101,(anonymous_3)
FNF:4
FNH:0
FNDA:0,(anonymous_0)
FNDA:0,(anonymous_1)
FNDA:0,(anonymous_2)
FNDA:0,(anonymous_3)
DA:2,2
DA:3,2
DA:4,2
DA:8,2
DA:9,0
DA:12,2
DA:13,0
DA:14,0
DA:15,0
DA:16,0
DA:18,0
DA:19,0
DA:20,0
DA:27,0
DA:28,0
DA:35,0
DA:39,2
DA:40,0
DA:45,0
DA:46,0
DA:47,0
DA:49,0
DA:50,0
DA:59,0
DA:60,0
DA:61,0
DA:63,0
DA:64,0
DA:69,0
DA:73,0
DA:76,0
DA:78,0
DA:86,0
DA:90,0
DA:94,0
DA:101,0
DA:102,0
DA:104,0
DA:105,0
DA:115,0
DA:116,0
DA:117,0
DA:120,0
DA:121,0
DA:123,0
DA:124,0
DA:125,0
DA:126,0
DA:129,0
DA:130,0
DA:138,0
DA:140,0
DA:145,0
DA:150,0
DA:151,0
DA:155,0
DA:157,0
DA:158,0
DA:159,0
DA:160,0
DA:162,0
DA:163,0
DA:165,0
DA:168,0
DA:169,0
DA:171,0
DA:181,0
DA:184,0
DA:186,0
DA:190,0
DA:194,0
DA:197,0
DA:205,2
LF:73
LH:7
BRDA:8,0,0,0
BRDA:8,0,1,2
BRDA:8,1,0,2
BRDA:8,1,1,0
BRDA:12,2,0,0
BRDA:13,3,0,0
BRDA:13,3,1,0
BRDA:16,4,0,0
BRDA:16,4,1,0
BRDA:19,5,0,0
BRDA:19,5,1,0
BRDA:27,6,0,0
BRDA:27,6,1,0
BRDA:27,7,0,0
BRDA:27,7,1,0
BRDA:61,8,0,0
BRDA:61,8,1,0
BRDA:63,9,0,0
BRDA:63,9,1,0
BRDA:76,10,0,0
BRDA:76,10,1,0
BRDA:115,11,0,0
BRDA:115,11,1,0
BRDA:126,12,0,0
BRDA:126,12,1,0
BRDA:129,13,0,0
BRDA:129,13,1,0
BRDA:129,14,0,0
BRDA:129,14,1,0
BRDA:138,15,0,0
BRDA:138,15,1,0
BRDA:157,16,0,0
BRDA:157,16,1,0
BRDA:160,17,0,0
BRDA:160,17,1,0
BRDA:162,18,0,0
BRDA:162,18,1,0
BRDA:162,19,0,0
BRDA:162,19,1,0
BRDA:163,20,0,0
BRDA:163,20,1,0
BRDA:176,21,0,0
BRDA:176,21,1,0
BRDA:176,22,0,0
BRDA:176,22,1,0
BRF:45
BRH:2
end_of_record
TN:
SF:services\courseImporter.js
FN:6,processAndImportCoursePDF
FN:53,(anonymous_1)
FNF:2
FNH:0
FNDA:0,processAndImportCoursePDF
FNDA:0,(anonymous_1)
DA:1,2
DA:2,2
DA:3,2
DA:7,0
DA:8,0
DA:9,0
DA:10,0
DA:12,0
DA:35,0
DA:40,0
DA:41,0
DA:43,0
DA:46,0
DA:53,0
DA:66,0
DA:69,0
DA:70,0
DA:74,2
LF:18
LH:4
BRDA:6,0,0,0
BRF:1
BRH:0
end_of_record
TN:
SF:services\db.js
FN:14,(anonymous_0)
FN:42,(anonymous_1)
FN:46,(anonymous_2)
FNF:3
FNH:0
FNDA:0,(anonymous_0)
FNDA:0,(anonymous_1)
FNDA:0,(anonymous_2)
DA:3,2
DA:4,2
DA:7,2
DA:10,2
DA:17,0
DA:18,0
DA:19,0
DA:23,0
DA:24,0
DA:25,0
DA:27,0
DA:28,0
DA:32,0
DA:42,0
DA:46,0
DA:52,2
LF:16
LH:5
BRDA:17,0,0,0
BRDA:17,0,1,0
BRDA:17,1,0,0
BRDA:17,1,1,0
BRDA:18,2,0,0
BRDA:18,2,1,0
BRDA:19,3,0,0
BRDA:19,3,1,0
BRDA:23,4,0,0
BRDA:23,4,1,0
BRDA:24,5,0,0
BRDA:24,5,1,0
BRDA:24,6,0,0
BRDA:24,6,1,0
BRDA:27,7,0,0
BRDA:27,7,1,0
BRDA:27,8,0,0
BRDA:27,8,1,0
BRF:18
BRH:0
end_of_record
TN:
SF:services\dripCampaign.js
FN:9,(anonymous_0)
FN:13,(anonymous_1)
FN:47,(anonymous_2)
FNF:3
FNH:0
FNDA:0,(anonymous_0)
FNDA:0,(anonymous_1)
FNDA:0,(anonymous_2)
DA:2,2
DA:3,2
DA:4,2
DA:7,2
DA:9,2
DA:10,0
DA:13,0
DA:14,0
DA:17,0
DA:19,0
DA:22,0
DA:40,0
DA:41,0
DA:44,0
DA:46,0
DA:47,0
DA:50,0
DA:51,0
DA:52,0
DA:61,0
DA:62,0
DA:64,0
DA:68,0
DA:70,0
DA:72,0
DA:74,0
DA:75,0
DA:77,0
DA:80,0
DA:83,0
DA:94,0
DA:99,2
LF:32
LH:6
BRDA:40,0,0,0
BRDA:40,0,1,0
BRDA:50,1,0,0
BRDA:50,1,1,0
BRDA:61,2,0,0
BRDA:61,2,1,0
BRDA:68,3,0,0
BRDA:68,3,1,0
BRDA:68,4,0,0
BRDA:68,4,1,0
BRDA:70,5,0,0
BRDA:70,5,1,0
BRDA:72,6,0,0
BRDA:72,6,1,0
BRDA:74,7,0,0
BRDA:74,7,1,0
BRDA:87,8,0,0
BRDA:87,8,1,0
BRF:18
BRH:0
end_of_record
TN:
SF:services\localScanner.js
FN:10,decodeBarcode
FNF:1
FNH:0
FNDA:0,decodeBarcode
DA:2,1
DA:3,1
DA:11,0
DA:13,0
DA:16,0
DA:17,0
DA:20,0
DA:21,0
DA:23,0
DA:26,0
DA:30,1
LF:11
LH:3
BRF:0
BRH:0
end_of_record
TN:
SF:services\netcashProvisioner.js
FN:11,provisionNetCashAccount
FN:21,(anonymous_1)
FNF:2
FNH:0
FNDA:0,provisionNetCashAccount
FNDA:0,(anonymous_1)
DA:3,2
DA:12,0
DA:13,0
DA:14,0
DA:18,0
DA:21,0
DA:23,0
DA:27,0
DA:33,0
DA:34,0
DA:38,2
LF:11
LH:2
BRDA:13,0,0,0
BRDA:13,0,1,0
BRDA:28,1,0,0
BRDA:28,1,1,0
BRF:4
BRH:0
end_of_record
TN:
SF:services\netcashValidator.js
FN:9,(anonymous_0)
FN:17,(anonymous_1)
FN:26,(anonymous_2)
FN:39,(anonymous_3)
FNF:4
FNH:0
FNDA:0,(anonymous_0)
FNDA:0,(anonymous_1)
FNDA:0,(anonymous_2)
FNDA:0,(anonymous_3)
DA:6,2
DA:10,0
DA:12,0
DA:18,0
DA:19,0
DA:20,0
DA:22,0
DA:27,0
DA:28,0
DA:30,0
DA:31,0
DA:34,0
DA:40,0
DA:42,0
DA:43,0
DA:44,0
DA:47,0
DA:51,0
DA:55,2
LF:19
LH:2
BRDA:10,0,0,0
BRDA:10,0,1,0
BRDA:19,1,0,0
BRDA:19,1,1,0
BRDA:19,2,0,0
BRDA:19,2,1,0
BRDA:28,3,0,0
BRDA:28,3,1,0
BRDA:28,4,0,0
BRDA:28,4,1,0
BRDA:30,5,0,0
BRDA:30,5,1,0
BRF:12
BRH:0
end_of_record
TN:
SF:services\paymentQrgen.js
FN:9,(anonymous_0)
FNF:1
FNH:0
FNDA:0,(anonymous_0)
DA:2,2
DA:9,2
DA:10,0
DA:12,0
DA:15,0
DA:18,0
DA:29,0
DA:31,0
DA:33,0
DA:37,2
LF:10
LH:3
BRDA:12,0,0,0
BRDA:12,0,1,0
BRF:2
BRH:0
end_of_record
TN:
SF:services\pdfGenerator.js
FN:6,generateStatement
FN:7,(anonymous_1)
FN:54,(anonymous_2)
FN:77,(anonymous_3)
FN:84,(anonymous_4)
FNF:5
FNH:0
FNDA:0,generateStatement
FNDA:0,(anonymous_1)
FNDA:0,(anonymous_2)
FNDA:0,(anonymous_3)
FNDA:0,(anonymous_4)
DA:2,1
DA:3,1
DA:4,1
DA:7,0
DA:8,0
DA:10,0
DA:11,0
DA:12,0
DA:16,0
DA:17,0
DA:20,0
DA:21,0
DA:22,0
DA:25,0
DA:26,0
DA:27,0
DA:30,0
DA:31,0
DA:32,0
DA:33,0
DA:34,0
DA:35,0
DA:36,0
DA:37,0
DA:40,0
DA:41,0
DA:42,0
DA:43,0
DA:44,0
DA:45,0
DA:48,0
DA:49,0
DA:51,0
DA:52,0
DA:54,0
DA:55,0
DA:56,0
DA:58,0
DA:59,0
DA:60,0
DA:62,0
DA:63,0
DA:68,0
DA:69,0
DA:70,0
DA:71,0
DA:72,0
DA:75,0
DA:77,0
DA:79,0
DA:80,0
DA:81,0
DA:84,0
DA:87,0
DA:92,1
LF:55
LH:4
BRDA:11,0,0,0
BRDA:11,0,1,0
BRDA:16,1,0,0
BRDA:16,1,1,0
BRDA:35,2,0,0
BRDA:35,2,1,0
BRDA:51,3,0,0
BRDA:51,3,1,0
BRDA:79,4,0,0
BRDA:79,4,1,0
BRF:10
BRH:0
end_of_record
TN:
SF:services\pricing.js
FN:52,loadPrices
FN:59,(anonymous_1)
FN:71,(anonymous_2)
FN:77,(anonymous_3)
FN:90,getPrice
FNF:5
FNH:0
FNDA:0,loadPrices
FNDA:0,(anonymous_1)
FNDA:0,(anonymous_2)
FNDA:0,(anonymous_3)
FNDA:0,getPrice
DA:4,1
DA:5,1
DA:8,1
DA:44,1
DA:45,1
DA:46,1
DA:53,0
DA:55,0
DA:57,0
DA:58,0
DA:59,0
DA:62,0
DA:63,0
DA:64,0
DA:65,0
DA:76,0
DA:77,0
DA:78,0
DA:81,0
DA:83,0
DA:91,0
DA:92,0
DA:94,0
DA:95,0
DA:96,0
DA:99,0
DA:102,1
LF:27
LH:7
BRDA:55,0,0,0
BRDA:55,0,1,0
BRDA:55,1,0,0
BRDA:55,1,1,0
BRDA:63,2,0,0
BRDA:63,2,1,0
BRDA:94,3,0,0
BRDA:94,3,1,0
BRF:8
BRH:0
end_of_record
TN:
SF:services\prisma-client.js
FN:10,(anonymous_0)
FN:14,(anonymous_1)
FN:18,(anonymous_2)
FN:22,(anonymous_3)
FN:26,(anonymous_4)
FNF:5
FNH:0
FNDA:0,(anonymous_0)
FNDA:0,(anonymous_1)
FNDA:0,(anonymous_2)
FNDA:0,(anonymous_3)
FNDA:0,(anonymous_4)
DA:1,1
DA:4,1
DA:7,1
DA:11,0
DA:12,0
DA:15,0
DA:16,0
DA:19,0
DA:20,0
DA:23,0
DA:24,0
DA:27,0
DA:28,0
DA:34,1
LF:14
LH:4
BRF:0
BRH:0
end_of_record
TN:
SF:services\prisma.js
FN:11,(anonymous_0)
FNF:1
FNH:0
FNDA:0,(anonymous_0)
DA:2,2
DA:5,2
DA:8,2
DA:13,0
DA:16,0
DA:19,0
DA:20,0
DA:21,0
DA:33,0
DA:37,0
DA:44,2
LF:11
LH:4
BRDA:19,0,0,0
BRDA:19,0,1,0
BRDA:19,1,0,0
BRDA:19,1,1,0
BRDA:24,2,0,0
BRDA:24,2,1,0
BRDA:27,3,0,0
BRDA:27,3,1,0
BRF:8
BRH:0
end_of_record
TN:
SF:services\receiptGenerator.js
FN:6,generateReceiptPDF
FN:7,(anonymous_1)
FN:40,(anonymous_2)
FNF:3
FNH:0
FNDA:0,generateReceiptPDF
FNDA:0,(anonymous_1)
FNDA:0,(anonymous_2)
DA:1,1
DA:2,1
DA:3,1
DA:4,1
DA:7,0
DA:8,0
DA:9,0
DA:10,0
DA:12,0
DA:13,0
DA:16,0
DA:17,0
DA:18,0
DA:20,0
DA:22,0
DA:23,0
DA:24,0
DA:26,0
DA:27,0
DA:28,0
DA:30,0
DA:31,0
DA:32,0
DA:33,0
DA:34,0
DA:36,0
DA:38,0
DA:40,0
DA:41,0
DA:42,0
DA:45,0
DA:47,0
DA:52,1
LF:33
LH:5
BRDA:12,0,0,0
BRDA:12,0,1,0
BRDA:41,1,0,0
BRDA:41,1,1,0
BRF:4
BRH:0
end_of_record
TN:
SF:services\remittance.js
FN:6,sendRemittanceAdvice
FNF:1
FNH:0
FNDA:0,sendRemittanceAdvice
DA:3,2
DA:4,2
DA:7,0
DA:9,0
DA:10,0
DA:11,0
DA:14,0
DA:15,0
DA:18,0
DA:23,0
DA:26,0
DA:29,0
DA:30,0
DA:34,0
DA:37,0
DA:38,0
DA:39,0
DA:43,0
DA:44,0
DA:48,0
DA:49,0
DA:54,0
DA:57,0
DA:63,0
DA:64,0
DA:67,0
DA:68,0
DA:72,2
LF:28
LH:3
BRDA:9,0,0,0
BRDA:9,0,1,0
BRDA:9,1,0,0
BRDA:9,1,1,0
BRDA:9,1,2,0
BRDA:23,2,0,0
BRDA:23,2,1,0
BRDA:26,3,0,0
BRDA:26,3,1,0
BRDA:29,4,0,0
BRDA:29,4,1,0
BRDA:34,5,0,0
BRDA:34,5,1,0
BRDA:37,6,0,0
BRDA:37,6,1,0
BRDA:43,7,0,0
BRDA:43,7,1,0
BRDA:54,8,0,0
BRDA:54,8,1,0
BRF:19
BRH:0
end_of_record
TN:
SF:services\scheduler.js
FN:14,emailReport
FN:34,(anonymous_1)
FN:67,(anonymous_2)
FN:74,(anonymous_3)
FN:134,(anonymous_4)
FN:156,(anonymous_5)
FNF:6
FNH:0
FNDA:0,emailReport
FNDA:0,(anonymous_1)
FNDA:0,(anonymous_2)
FNDA:0,(anonymous_3)
FNDA:0,(anonymous_4)
FNDA:0,(anonymous_5)
DA:4,1
DA:5,1
DA:6,1
DA:7,1
DA:8,1
DA:9,1
DA:15,0
DA:16,0
DA:28,0
DA:31,0
DA:32,0
DA:34,0
DA:35,0
DA:36,0
DA:37,0
DA:38,0
DA:40,0
DA:43,0
DA:44,0
DA:54,0
DA:56,0
DA:60,0
DA:67,1
DA:68,0
DA:74,0
DA:75,0
DA:77,0
DA:78,0
DA:79,0
DA:80,0
DA:83,0
DA:92,0
DA:93,0
DA:95,0
DA:102,0
DA:111,0
DA:112,0
DA:114,0
DA:120,0
DA:123,0
DA:134,0
DA:135,0
DA:136,0
DA:137,0
DA:138,0
DA:139,0
DA:140,0
DA:143,0
DA:145,0
DA:156,0
DA:157,0
DA:158,0
DA:160,0
DA:161,0
DA:168,0
DA:170,0
DA:179,1
LF:57
LH:8
BRDA:9,0,0,1
BRDA:9,0,1,1
BRDA:28,1,0,0
BRDA:28,1,1,0
BRDA:28,2,0,0
BRDA:28,2,1,0
BRDA:28,2,2,0
BRDA:46,3,0,0
BRDA:46,3,1,0
BRDA:139,4,0,0
BRDA:139,4,1,0
BRF:11
BRH:2
end_of_record
TN:
SF:services\supportEngine.js
FN:15,getHammingDistance
FN:25,getDamerauLevenshteinDistance
FN:29,(anonymous_2)
FN:55,handleSupportOrTypo
FNF:4
FNH:0
FNDA:0,getHammingDistance
FNDA:0,getDamerauLevenshteinDistance
FNDA:0,(anonymous_2)
FNDA:0,handleSupportOrTypo
DA:1,2
DA:4,2
DA:16,0
DA:17,0
DA:18,0
DA:19,0
DA:21,0
DA:26,0
DA:27,0
DA:29,0
DA:31,0
DA:32,0
DA:34,0
DA:35,0
DA:36,0
DA:37,0
DA:44,0
DA:45,0
DA:49,0
DA:56,0
DA:59,0
DA:60,0
DA:64,0
DA:65,0
DA:73,0
DA:74,0
DA:78,0
DA:81,0
DA:83,0
DA:84,0
DA:85,0
DA:86,0
DA:90,0
DA:91,0
DA:92,0
DA:97,0
DA:100,0
DA:102,0
DA:105,0
DA:107,0
DA:108,0
DA:109,0
DA:113,0
DA:114,0
DA:115,0
DA:118,2
LF:46
LH:3
BRDA:16,0,0,0
BRDA:16,0,1,0
BRDA:19,1,0,0
BRDA:19,1,1,0
BRDA:26,2,0,0
BRDA:26,2,1,0
BRDA:27,3,0,0
BRDA:27,3,1,0
BRDA:36,4,0,0
BRDA:36,4,1,0
BRDA:44,5,0,0
BRDA:44,5,1,0
BRDA:44,6,0,0
BRDA:44,6,1,0
BRDA:44,6,2,0
BRDA:44,6,3,0
BRDA:59,7,0,0
BRDA:59,7,1,0
BRDA:64,8,0,0
BRDA:64,8,1,0
BRDA:64,9,0,0
BRDA:64,9,1,0
BRDA:64,9,2,0
BRDA:65,10,0,0
BRDA:65,10,1,0
BRDA:84,11,0,0
BRDA:84,11,1,0
BRDA:91,12,0,0
BRDA:91,12,1,0
BRDA:100,13,0,0
BRDA:100,13,1,0
BRF:31
BRH:0
end_of_record
TN:
SF:services\twilioClient.js
FN:9,(anonymous_0)
FN:27,(anonymous_1)
FN:36,(anonymous_2)
FNF:3
FNH:0
FNDA:0,(anonymous_0)
FNDA:0,(anonymous_1)
FNDA:0,(anonymous_2)
DA:2,2
DA:5,2
DA:6,0
DA:9,2
DA:10,0
DA:11,0
DA:15,0
DA:17,0
DA:18,0
DA:19,0
DA:26,0
DA:27,0
DA:30,0
DA:32,0
DA:36,2
DA:37,0
DA:38,0
DA:40,0
DA:41,0
DA:47,0
DA:49,0
DA:54,2
LF:22
LH:5
BRDA:5,0,0,0
BRDA:5,0,1,2
BRDA:5,1,0,2
BRDA:5,1,1,0
BRDA:10,2,0,0
BRDA:10,2,1,0
BRDA:15,3,0,0
BRDA:15,3,1,0
BRDA:26,4,0,0
BRDA:26,4,1,0
BRDA:37,5,0,0
BRDA:37,5,1,0
BRF:12
BRH:2
end_of_record
TN:
SF:services\visionExtractor.js
FN:7,extractDataFromImage
FNF:1
FNH:0
FNDA:0,extractDataFromImage
DA:2,2
DA:3,2
DA:5,2
DA:8,0
DA:10,0
DA:12,0
DA:44,0
DA:51,0
DA:52,0
DA:53,0
DA:56,0
DA:57,0
DA:59,0
DA:60,0
DA:63,0
DA:64,0
DA:67,0
DA:69,0
DA:73,2
LF:19
LH:4
BRDA:59,0,0,0
BRDA:59,0,1,0
BRDA:59,1,0,0
BRDA:59,1,1,0
BRF:4
BRH:0
end_of_record
TN:
SF:services\webhookWorker.js
FN:11,processNetcashITN
FNF:1
FNH:1
FNDA:1,processNetcashITN
DA:2,2
DA:3,2
DA:4,2
DA:5,2
DA:6,2
DA:7,2
DA:9,2
DA:12,1
DA:14,1
DA:15,1
DA:17,0
DA:18,0
DA:19,0
DA:22,0
DA:23,0
DA:24,0
DA:27,0
DA:28,0
DA:29,0
DA:30,0
DA:33,0
DA:34,0
DA:35,0
DA:38,0
DA:39,0
DA:43,0
DA:48,0
DA:49,0
DA:53,0
DA:54,0
DA:55,0
DA:59,0
DA:62,0
DA:63,0
DA:64,0
DA:65,0
DA:70,0
DA:71,0
DA:73,0
DA:74,0
DA:79,0
DA:88,0
DA:89,0
DA:90,0
DA:94,0
DA:98,0
DA:99,0
DA:105,0
DA:106,0
DA:108,0
DA:109,0
DA:110,0
DA:111,0
DA:114,0
DA:116,0
DA:122,0
DA:150,0
DA:151,0
DA:152,0
DA:153,0
DA:166,0
DA:167,0
DA:168,0
DA:172,0
DA:173,0
DA:174,0
DA:179,0
DA:180,0
DA:181,0
DA:182,0
DA:183,0
DA:189,0
DA:190,0
DA:191,0
DA:192,0
DA:193,0
DA:194,0
DA:196,0
DA:201,0
DA:202,0
DA:203,0
DA:205,0
DA:209,0
DA:210,0
DA:211,0
DA:212,0
DA:214,0
DA:215,0
DA:221,0
DA:223,0
DA:224,0
DA:228,0
DA:230,0
DA:231,0
DA:232,0
DA:233,0
DA:241,0
DA:242,0
DA:243,0
DA:245,0
DA:246,0
DA:250,0
DA:255,0
DA:256,0
DA:260,0
DA:266,0
DA:268,0
DA:275,2
LF:108
LH:11
BRDA:15,0,0,1
BRDA:15,0,1,0
BRDA:15,1,0,1
BRDA:15,1,1,1
BRDA:18,2,0,0
BRDA:18,2,1,0
BRDA:18,2,2,0
BRDA:18,2,3,0
BRDA:18,2,4,0
BRDA:22,3,0,0
BRDA:22,3,1,0
BRDA:22,3,2,0
BRDA:23,4,0,0
BRDA:23,4,1,0
BRDA:24,5,0,0
BRDA:24,5,1,0
BRDA:28,6,0,0
BRDA:28,6,1,0
BRDA:34,7,0,0
BRDA:34,7,1,0
BRDA:38,8,0,0
BRDA:38,8,1,0
BRDA:48,9,0,0
BRDA:48,9,1,0
BRDA:53,10,0,0
BRDA:53,10,1,0
BRDA:62,11,0,0
BRDA:62,11,1,0
BRDA:62,11,2,0
BRDA:62,11,3,0
BRDA:63,12,0,0
BRDA:63,12,1,0
BRDA:63,12,2,0
BRDA:63,12,3,0
BRDA:64,13,0,0
BRDA:64,13,1,0
BRDA:65,14,0,0
BRDA:65,14,1,0
BRDA:70,15,0,0
BRDA:70,15,1,0
BRDA:73,16,0,0
BRDA:73,16,1,0
BRDA:73,17,0,0
BRDA:73,17,1,0
BRDA:82,18,0,0
BRDA:82,18,1,0
BRDA:89,19,0,0
BRDA:89,19,1,0
BRDA:105,20,0,0
BRDA:105,20,1,0
BRDA:110,21,0,0
BRDA:110,21,1,0
BRDA:110,22,0,0
BRDA:110,22,1,0
BRDA:110,22,2,0
BRDA:114,23,0,0
BRDA:114,23,1,0
BRDA:117,24,0,0
BRDA:117,24,1,0
BRDA:118,25,0,0
BRDA:118,25,1,0
BRDA:119,26,0,0
BRDA:119,26,1,0
BRDA:142,27,0,0
BRDA:142,27,1,0
BRDA:143,28,0,0
BRDA:143,28,1,0
BRDA:144,29,0,0
BRDA:144,29,1,0
BRDA:150,30,0,0
BRDA:150,30,1,0
BRDA:150,31,0,0
BRDA:150,31,1,0
BRDA:152,32,0,0
BRDA:152,32,1,0
BRDA:157,33,0,0
BRDA:157,33,1,0
BRDA:158,34,0,0
BRDA:158,34,1,0
BRDA:166,35,0,0
BRDA:166,35,1,0
BRDA:166,36,0,0
BRDA:166,36,1,0
BRDA:172,37,0,0
BRDA:172,37,1,0
BRDA:172,38,0,0
BRDA:172,38,1,0
BRDA:173,39,0,0
BRDA:173,39,1,0
BRDA:179,40,0,0
BRDA:179,40,1,0
BRDA:179,41,0,0
BRDA:179,41,1,0
BRDA:181,42,0,0
BRDA:181,42,1,0
BRDA:189,43,0,0
BRDA:189,43,1,0
BRDA:189,44,0,0
BRDA:189,44,1,0
BRDA:209,45,0,0
BRDA:209,45,1,0
BRDA:211,46,0,0
BRDA:211,46,1,0
BRDA:211,47,0,0
BRDA:211,47,1,0
BRDA:212,48,0,0
BRDA:212,48,1,0
BRDA:212,49,0,0
BRDA:212,49,1,0
BRDA:223,50,0,0
BRDA:223,50,1,0
BRDA:223,51,0,0
BRDA:223,51,1,0
BRDA:230,52,0,0
BRDA:230,52,1,0
BRDA:230,53,0,0
BRDA:230,53,1,0
BRDA:232,54,0,0
BRDA:232,54,1,0
BRDA:237,55,0,0
BRDA:237,55,1,0
BRDA:241,56,0,0
BRDA:241,56,1,0
BRF:123
BRH:3
end_of_record
TN:
SF:services\weeklyReportCron.js
FN:9,(anonymous_0)
FN:13,(anonymous_1)
FN:61,(anonymous_2)
FN:83,(anonymous_3)
FNF:4
FNH:0
FNDA:0,(anonymous_0)
FNDA:0,(anonymous_1)
FNDA:0,(anonymous_2)
FNDA:0,(anonymous_3)
DA:2,2
DA:3,2
DA:4,2
DA:5,2
DA:6,2
DA:7,2
DA:9,2
DA:10,0
DA:13,0
DA:14,0
DA:16,0
DA:18,0
DA:19,0
DA:20,0
DA:23,0
DA:27,0
DA:28,0
DA:29,0
DA:32,0
DA:34,0
DA:35,0
DA:37,0
DA:47,0
DA:56,0
DA:57,0
DA:58,0
DA:59,0
DA:61,0
DA:63,0
DA:64,0
DA:65,0
DA:69,0
DA:71,0
DA:72,0
DA:74,0
DA:75,0
DA:76,0
DA:79,0
DA:82,0
DA:83,0
DA:84,0
DA:85,0
DA:89,0
DA:90,0
DA:91,0
DA:92,0
DA:93,0
DA:94,0
DA:96,0
DA:99,0
DA:100,0
DA:107,0
DA:108,0
DA:115,0
DA:123,0
DA:126,0
DA:130,0
DA:133,0
DA:141,2
LF:59
LH:8
BRDA:7,0,0,2
BRDA:7,0,1,1
BRDA:27,1,0,0
BRDA:27,1,1,0
BRDA:64,2,0,0
BRDA:64,2,1,0
BRDA:85,3,0,0
BRDA:85,3,1,0
BRDA:99,4,0,0
BRDA:99,4,1,0
BRDA:107,5,0,0
BRDA:107,5,1,0
BRDA:117,6,0,0
BRDA:117,6,1,0
BRDA:120,7,0,0
BRDA:120,7,1,0
BRF:16
BRH:2
end_of_record
TN:
SF:utils\crypto.js
FN:14,encrypt
FN:30,decrypt
FNF:2
FNH:0
FNDA:0,encrypt
FNDA:0,decrypt
DA:3,2
DA:4,2
DA:7,2
DA:8,2
DA:12,2
DA:15,0
DA:17,0
DA:19,0
DA:20,0
DA:21,0
DA:22,0
DA:23,0
DA:25,0
DA:26,0
DA:31,0
DA:35,0
DA:36,0
DA:37,0
DA:38,0
DA:39,0
DA:40,0
DA:41,0
DA:42,0
DA:43,0
DA:45,0
DA:46,0
DA:51,0
DA:53,0
DA:54,0
DA:55,0
DA:56,0
DA:57,0
DA:58,0
DA:60,0
DA:61,0
DA:65,2
LF:36
LH:6
BRDA:7,0,0,2
BRDA:7,0,1,0
BRDA:15,1,0,0
BRDA:15,1,1,0
BRDA:17,2,0,0
BRDA:17,2,1,0
BRDA:17,3,0,0
BRDA:17,3,1,0
BRDA:31,4,0,0
BRDA:31,4,1,0
BRDA:35,5,0,0
BRDA:35,5,1,0
BRDA:35,6,0,0
BRDA:35,6,1,0
BRDA:35,6,2,0
BRDA:51,7,0,0
BRDA:51,7,1,0
BRDA:51,8,0,0
BRDA:51,8,1,0
BRF:19
BRH:1
end_of_record
TN:
SF:utils\i18n.js
FN:44,t
FNF:1
FNH:0
FNDA:0,t
DA:3,2
DA:45,0
DA:46,0
DA:49,2
LF:4
LH:2
BRDA:44,0,0,0
BRDA:45,1,0,0
BRDA:45,1,1,0
BRDA:46,2,0,0
BRDA:46,2,1,0
BRF:5
BRH:0
end_of_record
